<?xml version="1.0" encoding="utf-8"?>
<CoverageSession xmlns:xsd="http://www.w3.org/2001/XMLSchema" xmlns:xsi="http://www.w3.org/2001/XMLSchema-instance" Version="4.7.922.0">
  <Summary numSequencePoints="2211" visitedSequencePoints="1812" numBranchPoints="488" visitedBranchPoints="440" sequenceCoverage="81.95" branchCoverage="90.16" maxCyclomaticComplexity="4" minCyclomaticComplexity="0" maxCrapScore="12" minCrapScore="0" visitedClasses="47" numClasses="51" visitedMethods="336" numMethods="376" />
  <Modules>
    <Module hash="31-6A-0F-BF-4F-A3-9A-C1-CC-0F-21-B6-51-9E-BF-5C-18-7A-79-32">
      <Summary numSequencePoints="1164" visitedSequencePoints="1164" numBranchPoints="202" visitedBranchPoints="202" sequenceCoverage="100" branchCoverage="100" maxCyclomaticComplexity="3" minCyclomaticComplexity="1" maxCrapScore="3" minCrapScore="1" visitedClasses="27" numClasses="27" visitedMethods="198" numMethods="198" />
      <ModulePath>D:\github\PowerPoint\PowerPointTests\bin\Debug\fine-code-coverage\build-output\PowerPointTests.dll</ModulePath>
      <ModuleTime>2023-12-07T14:00:46.8063938Z</ModuleTime>
      <ModuleName>PowerPointTests</ModuleName>
      <Files>
        <File uid="1" fullPath="D:\github\PowerPoint\PowerPointTests\Model\CommandManagerMock.cs" />
        <File uid="2" fullPath="D:\github\PowerPoint\PowerPointTests\Model\CommandMock.cs" />
        <File uid="3" fullPath="D:\github\PowerPoint\PowerPointTests\Model\IGraphicsMock.cs" />
        <File uid="4" fullPath="D:\github\PowerPoint\PowerPointTests\Model\IStateMock.cs" />
        <File uid="5" fullPath="D:\github\PowerPoint\PowerPointTests\Model\ModelMock.cs" />
        <File uid="6" fullPath="D:\github\PowerPoint\PowerPointTests\Model\AddCommandTests.cs" />
        <File uid="7" fullPath="D:\github\PowerPoint\PowerPointTests\Model\CircleTests.cs" />
        <File uid="8" fullPath="D:\github\PowerPoint\PowerPointTests\Model\CommandManagerTests.cs" />
        <File uid="9" fullPath="D:\github\PowerPoint\PowerPointTests\Model\CoordinateTests.cs" />
        <File uid="10" fullPath="D:\github\PowerPoint\PowerPointTests\Model\DeleteCommandTests.cs" />
        <File uid="11" fullPath="D:\github\PowerPoint\PowerPointTests\Model\DrawCommandTests.cs" />
        <File uid="12" fullPath="D:\github\PowerPoint\PowerPointTests\Model\DrawingStateTests.cs" />
        <File uid="13" fullPath="D:\github\PowerPoint\PowerPointTests\Model\FactoryTests.cs" />
        <File uid="14" fullPath="D:\github\PowerPoint\PowerPointTests\Model\LineTests.cs" />
        <File uid="15" fullPath="D:\github\PowerPoint\PowerPointTests\Model\ModelTests.cs" />
        <File uid="17" fullPath="D:\github\PowerPoint\PowerPointTests\Model\MoveCommandTests.cs" />
        <File uid="18" fullPath="D:\github\PowerPoint\PowerPointTests\Model\PointStateTests.cs" />
        <File uid="19" fullPath="D:\github\PowerPoint\PowerPointTests\Model\RectangleTests.cs" />
        <File uid="20" fullPath="D:\github\PowerPoint\PowerPointTests\Model\ScaleStateTests.cs" />
        <File uid="21" fullPath="D:\github\PowerPoint\PowerPointTests\Model\SelectionTests.cs" />
        <File uid="22" fullPath="D:\github\PowerPoint\PowerPointTests\Model\ShapesTests.cs" />
        <File uid="23" fullPath="D:\github\PowerPoint\PowerPointTests\Model\ShapeTests.cs" />
        <File uid="25" fullPath="D:\github\PowerPoint\PowerPointTests\PresentationModel\PresentationModelTests.cs" />
      </Files>
      <Classes>
        <Class>
          <Summary numSequencePoints="21" visitedSequencePoints="21" numBranchPoints="7" visitedBranchPoints="7" sequenceCoverage="100" branchCoverage="100" maxCyclomaticComplexity="1" minCyclomaticComplexity="1" maxCrapScore="1" minCrapScore="1" visitedClasses="1" numClasses="1" visitedMethods="7" numMethods="7" />
          <FullName>PowerPoint.CommandManagerMock</FullName>
          <Methods>
            <Method visited="true" cyclomaticComplexity="1" nPathComplexity="0" sequenceCoverage="100" branchCoverage="100" crapScore="1" isConstructor="false" isStatic="false" isGetter="true" isSetter="false">
              <Summary numSequencePoints="3" visitedSequencePoints="3" numBranchPoints="1" visitedBranchPoints="1" sequenceCoverage="100" branchCoverage="100" maxCyclomaticComplexity="1" minCyclomaticComplexity="1" maxCrapScore="1" minCrapScore="1" visitedClasses="0" numClasses="0" visitedMethods="1" numMethods="1" />
              <MetadataToken>100663300</MetadataToken>
              <Name>System.Int32 PowerPoint.CommandManagerMock::get_ExecuteCount()</Name>
              <FileRef uid="1" />
              <SequencePoints>
                <SequencePoint vc="1" uspid="1" ordinal="0" offset="0" sl="36" sc="13" el="36" ec="14" bec="0" bev="0" fileid="1" />
                <SequencePoint vc="1" uspid="2" ordinal="1" offset="1" sl="37" sc="17" el="37" ec="38" bec="0" bev="0" fileid="1" />
                <SequencePoint vc="1" uspid="3" ordinal="2" offset="10" sl="38" sc="13" el="38" ec="14" bec="0" bev="0" fileid="1" />
              </SequencePoints>
              <BranchPoints />
              <MethodPoint xsi:type="SequencePoint" vc="1" uspid="1" ordinal="0" offset="0" sl="36" sc="13" el="36" ec="14" bec="0" bev="0" fileid="1" />
            </Method>
            <Method visited="true" cyclomaticComplexity="1" nPathComplexity="0" sequenceCoverage="100" branchCoverage="100" crapScore="1" isConstructor="false" isStatic="false" isGetter="true" isSetter="false">
              <Summary numSequencePoints="3" visitedSequencePoints="3" numBranchPoints="1" visitedBranchPoints="1" sequenceCoverage="100" branchCoverage="100" maxCyclomaticComplexity="1" minCyclomaticComplexity="1" maxCrapScore="1" minCrapScore="1" visitedClasses="0" numClasses="0" visitedMethods="1" numMethods="1" />
              <MetadataToken>100663301</MetadataToken>
              <Name>System.Int32 PowerPoint.CommandManagerMock::get_UndoCount()</Name>
              <FileRef uid="1" />
              <SequencePoints>
                <SequencePoint vc="1" uspid="4" ordinal="0" offset="0" sl="44" sc="13" el="44" ec="14" bec="0" bev="0" fileid="1" />
                <SequencePoint vc="1" uspid="5" ordinal="1" offset="1" sl="45" sc="17" el="45" ec="35" bec="0" bev="0" fileid="1" />
                <SequencePoint vc="1" uspid="6" ordinal="2" offset="10" sl="46" sc="13" el="46" ec="14" bec="0" bev="0" fileid="1" />
              </SequencePoints>
              <BranchPoints />
              <MethodPoint xsi:type="SequencePoint" vc="1" uspid="4" ordinal="0" offset="0" sl="44" sc="13" el="44" ec="14" bec="0" bev="0" fileid="1" />
            </Method>
            <Method visited="true" cyclomaticComplexity="1" nPathComplexity="0" sequenceCoverage="100" branchCoverage="100" crapScore="1" isConstructor="false" isStatic="false" isGetter="true" isSetter="false">
              <Summary numSequencePoints="3" visitedSequencePoints="3" numBranchPoints="1" visitedBranchPoints="1" sequenceCoverage="100" branchCoverage="100" maxCyclomaticComplexity="1" minCyclomaticComplexity="1" maxCrapScore="1" minCrapScore="1" visitedClasses="0" numClasses="0" visitedMethods="1" numMethods="1" />
              <MetadataToken>100663302</MetadataToken>
              <Name>System.Int32 PowerPoint.CommandManagerMock::get_RedoCount()</Name>
              <FileRef uid="1" />
              <SequencePoints>
                <SequencePoint vc="1" uspid="7" ordinal="0" offset="0" sl="52" sc="13" el="52" ec="14" bec="0" bev="0" fileid="1" />
                <SequencePoint vc="1" uspid="8" ordinal="1" offset="1" sl="53" sc="17" el="53" ec="35" bec="0" bev="0" fileid="1" />
                <SequencePoint vc="1" uspid="9" ordinal="2" offset="10" sl="54" sc="13" el="54" ec="14" bec="0" bev="0" fileid="1" />
              </SequencePoints>
              <BranchPoints />
              <MethodPoint xsi:type="SequencePoint" vc="1" uspid="7" ordinal="0" offset="0" sl="52" sc="13" el="52" ec="14" bec="0" bev="0" fileid="1" />
            </Method>
            <Method visited="true" cyclomaticComplexity="1" nPathComplexity="0" sequenceCoverage="100" branchCoverage="100" crapScore="1" isConstructor="false" isStatic="false" isGetter="false" isSetter="false">
              <Summary numSequencePoints="3" visitedSequencePoints="3" numBranchPoints="1" visitedBranchPoints="1" sequenceCoverage="100" branchCoverage="100" maxCyclomaticComplexity="1" minCyclomaticComplexity="1" maxCrapScore="1" minCrapScore="1" visitedClasses="0" numClasses="0" visitedMethods="1" numMethods="1" />
              <MetadataToken>100663297</MetadataToken>
              <Name>System.Void PowerPoint.CommandManagerMock::Execute(PowerPoint.ICommand)</Name>
              <FileRef uid="1" />
              <SequencePoints>
                <SequencePoint vc="1" uspid="10" ordinal="0" offset="0" sl="17" sc="9" el="17" ec="10" bec="0" bev="0" fileid="1" />
                <SequencePoint vc="1" uspid="11" ordinal="1" offset="1" sl="18" sc="13" el="18" ec="29" bec="0" bev="0" fileid="1" />
                <SequencePoint vc="1" uspid="12" ordinal="2" offset="15" sl="19" sc="9" el="19" ec="10" bec="0" bev="0" fileid="1" />
              </SequencePoints>
              <BranchPoints />
              <MethodPoint xsi:type="SequencePoint" vc="1" uspid="10" ordinal="0" offset="0" sl="17" sc="9" el="17" ec="10" bec="0" bev="0" fileid="1" />
            </Method>
            <Method visited="true" cyclomaticComplexity="1" nPathComplexity="0" sequenceCoverage="100" branchCoverage="100" crapScore="1" isConstructor="false" isStatic="false" isGetter="false" isSetter="false">
              <Summary numSequencePoints="3" visitedSequencePoints="3" numBranchPoints="1" visitedBranchPoints="1" sequenceCoverage="100" branchCoverage="100" maxCyclomaticComplexity="1" minCyclomaticComplexity="1" maxCrapScore="1" minCrapScore="1" visitedClasses="0" numClasses="0" visitedMethods="1" numMethods="1" />
              <MetadataToken>100663298</MetadataToken>
              <Name>System.Void PowerPoint.CommandManagerMock::Undo()</Name>
              <FileRef uid="1" />
              <SequencePoints>
                <SequencePoint vc="1" uspid="13" ordinal="0" offset="0" sl="23" sc="9" el="23" ec="10" bec="0" bev="0" fileid="1" />
                <SequencePoint vc="1" uspid="14" ordinal="1" offset="1" sl="24" sc="13" el="24" ec="26" bec="0" bev="0" fileid="1" />
                <SequencePoint vc="1" uspid="15" ordinal="2" offset="15" sl="25" sc="9" el="25" ec="10" bec="0" bev="0" fileid="1" />
              </SequencePoints>
              <BranchPoints />
              <MethodPoint xsi:type="SequencePoint" vc="1" uspid="13" ordinal="0" offset="0" sl="23" sc="9" el="23" ec="10" bec="0" bev="0" fileid="1" />
            </Method>
            <Method visited="true" cyclomaticComplexity="1" nPathComplexity="0" sequenceCoverage="100" branchCoverage="100" crapScore="1" isConstructor="false" isStatic="false" isGetter="false" isSetter="false">
              <Summary numSequencePoints="3" visitedSequencePoints="3" numBranchPoints="1" visitedBranchPoints="1" sequenceCoverage="100" branchCoverage="100" maxCyclomaticComplexity="1" minCyclomaticComplexity="1" maxCrapScore="1" minCrapScore="1" visitedClasses="0" numClasses="0" visitedMethods="1" numMethods="1" />
              <MetadataToken>100663299</MetadataToken>
              <Name>System.Void PowerPoint.CommandManagerMock::Redo()</Name>
              <FileRef uid="1" />
              <SequencePoints>
                <SequencePoint vc="1" uspid="16" ordinal="0" offset="0" sl="29" sc="9" el="29" ec="10" bec="0" bev="0" fileid="1" />
                <SequencePoint vc="1" uspid="17" ordinal="1" offset="1" sl="30" sc="13" el="30" ec="26" bec="0" bev="0" fileid="1" />
                <SequencePoint vc="1" uspid="18" ordinal="2" offset="15" sl="31" sc="9" el="31" ec="10" bec="0" bev="0" fileid="1" />
              </SequencePoints>
              <BranchPoints />
              <MethodPoint xsi:type="SequencePoint" vc="1" uspid="16" ordinal="0" offset="0" sl="29" sc="9" el="29" ec="10" bec="0" bev="0" fileid="1" />
            </Method>
            <Method visited="true" cyclomaticComplexity="1" nPathComplexity="0" sequenceCoverage="100" branchCoverage="100" crapScore="1" isConstructor="true" isStatic="false" isGetter="false" isSetter="false">
              <Summary numSequencePoints="3" visitedSequencePoints="3" numBranchPoints="1" visitedBranchPoints="1" sequenceCoverage="100" branchCoverage="100" maxCyclomaticComplexity="1" minCyclomaticComplexity="1" maxCrapScore="1" minCrapScore="1" visitedClasses="0" numClasses="0" visitedMethods="1" numMethods="1" />
              <MetadataToken>100663303</MetadataToken>
              <Name>System.Void PowerPoint.CommandManagerMock::.ctor()</Name>
              <FileRef uid="1" />
              <SequencePoints>
                <SequencePoint vc="3" uspid="19" ordinal="0" offset="0" sl="11" sc="9" el="11" ec="31" bec="0" bev="0" fileid="1" />
                <SequencePoint vc="3" uspid="20" ordinal="1" offset="7" sl="12" sc="9" el="12" ec="28" bec="0" bev="0" fileid="1" />
                <SequencePoint vc="3" uspid="21" ordinal="2" offset="14" sl="13" sc="9" el="13" ec="28" bec="0" bev="0" fileid="1" />
              </SequencePoints>
              <BranchPoints />
              <MethodPoint xsi:type="SequencePoint" vc="3" uspid="19" ordinal="0" offset="0" sl="11" sc="9" el="11" ec="31" bec="0" bev="0" fileid="1" />
            </Method>
          </Methods>
        </Class>
        <Class>
          <Summary numSequencePoints="14" visitedSequencePoints="14" numBranchPoints="5" visitedBranchPoints="5" sequenceCoverage="100" branchCoverage="100" maxCyclomaticComplexity="1" minCyclomaticComplexity="1" maxCrapScore="1" minCrapScore="1" visitedClasses="1" numClasses="1" visitedMethods="5" numMethods="5" />
          <FullName>PowerPoint.CommandMock</FullName>
          <Methods>
            <Method visited="true" cyclomaticComplexity="1" nPathComplexity="0" sequenceCoverage="100" branchCoverage="100" crapScore="1" isConstructor="false" isStatic="false" isGetter="true" isSetter="false">
              <Summary numSequencePoints="3" visitedSequencePoints="3" numBranchPoints="1" visitedBranchPoints="1" sequenceCoverage="100" branchCoverage="100" maxCyclomaticComplexity="1" minCyclomaticComplexity="1" maxCrapScore="1" minCrapScore="1" visitedClasses="0" numClasses="0" visitedMethods="1" numMethods="1" />
              <MetadataToken>100663306</MetadataToken>
              <Name>System.Int32 PowerPoint.CommandMock::get_ExecuteCount()</Name>
              <FileRef uid="2" />
              <SequencePoints>
                <SequencePoint vc="2" uspid="22" ordinal="0" offset="0" sl="29" sc="13" el="29" ec="14" bec="0" bev="0" fileid="2" />
                <SequencePoint vc="2" uspid="23" ordinal="1" offset="1" sl="30" sc="17" el="30" ec="38" bec="0" bev="0" fileid="2" />
                <SequencePoint vc="2" uspid="24" ordinal="2" offset="10" sl="31" sc="13" el="31" ec="14" bec="0" bev="0" fileid="2" />
              </SequencePoints>
              <BranchPoints />
              <MethodPoint xsi:type="SequencePoint" vc="2" uspid="22" ordinal="0" offset="0" sl="29" sc="13" el="29" ec="14" bec="0" bev="0" fileid="2" />
            </Method>
            <Method visited="true" cyclomaticComplexity="1" nPathComplexity="0" sequenceCoverage="100" branchCoverage="100" crapScore="1" isConstructor="false" isStatic="false" isGetter="true" isSetter="false">
              <Summary numSequencePoints="3" visitedSequencePoints="3" numBranchPoints="1" visitedBranchPoints="1" sequenceCoverage="100" branchCoverage="100" maxCyclomaticComplexity="1" minCyclomaticComplexity="1" maxCrapScore="1" minCrapScore="1" visitedClasses="0" numClasses="0" visitedMethods="1" numMethods="1" />
              <MetadataToken>100663307</MetadataToken>
              <Name>System.Int32 PowerPoint.CommandMock::get_ReverseExecuteCount()</Name>
              <FileRef uid="2" />
              <SequencePoints>
                <SequencePoint vc="1" uspid="25" ordinal="0" offset="0" sl="37" sc="13" el="37" ec="14" bec="0" bev="0" fileid="2" />
                <SequencePoint vc="1" uspid="26" ordinal="1" offset="1" sl="38" sc="17" el="38" ec="45" bec="0" bev="0" fileid="2" />
                <SequencePoint vc="1" uspid="27" ordinal="2" offset="10" sl="39" sc="13" el="39" ec="14" bec="0" bev="0" fileid="2" />
              </SequencePoints>
              <BranchPoints />
              <MethodPoint xsi:type="SequencePoint" vc="1" uspid="25" ordinal="0" offset="0" sl="37" sc="13" el="37" ec="14" bec="0" bev="0" fileid="2" />
            </Method>
            <Method visited="true" cyclomaticComplexity="1" nPathComplexity="0" sequenceCoverage="100" branchCoverage="100" crapScore="1" isConstructor="false" isStatic="false" isGetter="false" isSetter="false">
              <Summary numSequencePoints="3" visitedSequencePoints="3" numBranchPoints="1" visitedBranchPoints="1" sequenceCoverage="100" branchCoverage="100" maxCyclomaticComplexity="1" minCyclomaticComplexity="1" maxCrapScore="1" minCrapScore="1" visitedClasses="0" numClasses="0" visitedMethods="1" numMethods="1" />
              <MetadataToken>100663304</MetadataToken>
              <Name>System.Void PowerPoint.CommandMock::Execute()</Name>
              <FileRef uid="2" />
              <SequencePoints>
                <SequencePoint vc="4" uspid="28" ordinal="0" offset="0" sl="16" sc="9" el="16" ec="10" bec="0" bev="0" fileid="2" />
                <SequencePoint vc="4" uspid="29" ordinal="1" offset="1" sl="17" sc="13" el="17" ec="29" bec="0" bev="0" fileid="2" />
                <SequencePoint vc="4" uspid="30" ordinal="2" offset="15" sl="18" sc="9" el="18" ec="10" bec="0" bev="0" fileid="2" />
              </SequencePoints>
              <BranchPoints />
              <MethodPoint xsi:type="SequencePoint" vc="4" uspid="28" ordinal="0" offset="0" sl="16" sc="9" el="16" ec="10" bec="0" bev="0" fileid="2" />
            </Method>
            <Method visited="true" cyclomaticComplexity="1" nPathComplexity="0" sequenceCoverage="100" branchCoverage="100" crapScore="1" isConstructor="false" isStatic="false" isGetter="false" isSetter="false">
              <Summary numSequencePoints="3" visitedSequencePoints="3" numBranchPoints="1" visitedBranchPoints="1" sequenceCoverage="100" branchCoverage="100" maxCyclomaticComplexity="1" minCyclomaticComplexity="1" maxCrapScore="1" minCrapScore="1" visitedClasses="0" numClasses="0" visitedMethods="1" numMethods="1" />
              <MetadataToken>100663305</MetadataToken>
              <Name>System.Void PowerPoint.CommandMock::ReverseExecute()</Name>
              <FileRef uid="2" />
              <SequencePoints>
                <SequencePoint vc="2" uspid="31" ordinal="0" offset="0" sl="22" sc="9" el="22" ec="10" bec="0" bev="0" fileid="2" />
                <SequencePoint vc="2" uspid="32" ordinal="1" offset="1" sl="23" sc="13" el="23" ec="36" bec="0" bev="0" fileid="2" />
                <SequencePoint vc="2" uspid="33" ordinal="2" offset="15" sl="24" sc="9" el="24" ec="10" bec="0" bev="0" fileid="2" />
              </SequencePoints>
              <BranchPoints />
              <MethodPoint xsi:type="SequencePoint" vc="2" uspid="31" ordinal="0" offset="0" sl="22" sc="9" el="22" ec="10" bec="0" bev="0" fileid="2" />
            </Method>
            <Method visited="true" cyclomaticComplexity="1" nPathComplexity="0" sequenceCoverage="100" branchCoverage="100" crapScore="1" isConstructor="true" isStatic="false" isGetter="false" isSetter="false">
              <Summary numSequencePoints="2" visitedSequencePoints="2" numBranchPoints="1" visitedBranchPoints="1" sequenceCoverage="100" branchCoverage="100" maxCyclomaticComplexity="1" minCyclomaticComplexity="1" maxCrapScore="1" minCrapScore="1" visitedClasses="0" numClasses="0" visitedMethods="1" numMethods="1" />
              <MetadataToken>100663308</MetadataToken>
              <Name>System.Void PowerPoint.CommandMock::.ctor()</Name>
              <FileRef uid="2" />
              <SequencePoints>
                <SequencePoint vc="5" uspid="34" ordinal="0" offset="0" sl="11" sc="9" el="11" ec="31" bec="0" bev="0" fileid="2" />
                <SequencePoint vc="5" uspid="35" ordinal="1" offset="7" sl="12" sc="9" el="12" ec="38" bec="0" bev="0" fileid="2" />
              </SequencePoints>
              <BranchPoints />
              <MethodPoint xsi:type="SequencePoint" vc="5" uspid="34" ordinal="0" offset="0" sl="11" sc="9" el="11" ec="31" bec="0" bev="0" fileid="2" />
            </Method>
          </Methods>
        </Class>
        <Class>
          <Summary numSequencePoints="35" visitedSequencePoints="35" numBranchPoints="11" visitedBranchPoints="11" sequenceCoverage="100" branchCoverage="100" maxCyclomaticComplexity="1" minCyclomaticComplexity="1" maxCrapScore="1" minCrapScore="1" visitedClasses="1" numClasses="1" visitedMethods="11" numMethods="11" />
          <FullName>PowerPoint.IGraphicsMock</FullName>
          <Methods>
            <Method visited="true" cyclomaticComplexity="1" nPathComplexity="0" sequenceCoverage="100" branchCoverage="100" crapScore="1" isConstructor="false" isStatic="false" isGetter="true" isSetter="false">
              <Summary numSequencePoints="3" visitedSequencePoints="3" numBranchPoints="1" visitedBranchPoints="1" sequenceCoverage="100" branchCoverage="100" maxCyclomaticComplexity="1" minCyclomaticComplexity="1" maxCrapScore="1" minCrapScore="1" visitedClasses="0" numClasses="0" visitedMethods="1" numMethods="1" />
              <MetadataToken>100663314</MetadataToken>
              <Name>System.Int32 PowerPoint.IGraphicsMock::get_ClearAllCount()</Name>
              <FileRef uid="3" />
              <SequencePoints>
                <SequencePoint vc="2" uspid="36" ordinal="0" offset="0" sl="50" sc="13" el="50" ec="14" bec="0" bev="0" fileid="3" />
                <SequencePoint vc="2" uspid="37" ordinal="1" offset="1" sl="51" sc="17" el="51" ec="39" bec="0" bev="0" fileid="3" />
                <SequencePoint vc="2" uspid="38" ordinal="2" offset="10" sl="52" sc="13" el="52" ec="14" bec="0" bev="0" fileid="3" />
              </SequencePoints>
              <BranchPoints />
              <MethodPoint xsi:type="SequencePoint" vc="2" uspid="36" ordinal="0" offset="0" sl="50" sc="13" el="50" ec="14" bec="0" bev="0" fileid="3" />
            </Method>
            <Method visited="true" cyclomaticComplexity="1" nPathComplexity="0" sequenceCoverage="100" branchCoverage="100" crapScore="1" isConstructor="false" isStatic="false" isGetter="true" isSetter="false">
              <Summary numSequencePoints="3" visitedSequencePoints="3" numBranchPoints="1" visitedBranchPoints="1" sequenceCoverage="100" branchCoverage="100" maxCyclomaticComplexity="1" minCyclomaticComplexity="1" maxCrapScore="1" minCrapScore="1" visitedClasses="0" numClasses="0" visitedMethods="1" numMethods="1" />
              <MetadataToken>100663315</MetadataToken>
              <Name>System.Int32 PowerPoint.IGraphicsMock::get_DrawLineCount()</Name>
              <FileRef uid="3" />
              <SequencePoints>
                <SequencePoint vc="5" uspid="39" ordinal="0" offset="0" sl="58" sc="13" el="58" ec="14" bec="0" bev="0" fileid="3" />
                <SequencePoint vc="5" uspid="40" ordinal="1" offset="1" sl="59" sc="17" el="59" ec="39" bec="0" bev="0" fileid="3" />
                <SequencePoint vc="5" uspid="41" ordinal="2" offset="10" sl="60" sc="13" el="60" ec="14" bec="0" bev="0" fileid="3" />
              </SequencePoints>
              <BranchPoints />
              <MethodPoint xsi:type="SequencePoint" vc="5" uspid="39" ordinal="0" offset="0" sl="58" sc="13" el="58" ec="14" bec="0" bev="0" fileid="3" />
            </Method>
            <Method visited="true" cyclomaticComplexity="1" nPathComplexity="0" sequenceCoverage="100" branchCoverage="100" crapScore="1" isConstructor="false" isStatic="false" isGetter="true" isSetter="false">
              <Summary numSequencePoints="3" visitedSequencePoints="3" numBranchPoints="1" visitedBranchPoints="1" sequenceCoverage="100" branchCoverage="100" maxCyclomaticComplexity="1" minCyclomaticComplexity="1" maxCrapScore="1" minCrapScore="1" visitedClasses="0" numClasses="0" visitedMethods="1" numMethods="1" />
              <MetadataToken>100663316</MetadataToken>
              <Name>System.Int32 PowerPoint.IGraphicsMock::get_DrawRectangleCount()</Name>
              <FileRef uid="3" />
              <SequencePoints>
                <SequencePoint vc="5" uspid="42" ordinal="0" offset="0" sl="66" sc="13" el="66" ec="14" bec="0" bev="0" fileid="3" />
                <SequencePoint vc="5" uspid="43" ordinal="1" offset="1" sl="67" sc="17" el="67" ec="44" bec="0" bev="0" fileid="3" />
                <SequencePoint vc="5" uspid="44" ordinal="2" offset="10" sl="68" sc="13" el="68" ec="14" bec="0" bev="0" fileid="3" />
              </SequencePoints>
              <BranchPoints />
              <MethodPoint xsi:type="SequencePoint" vc="5" uspid="42" ordinal="0" offset="0" sl="66" sc="13" el="66" ec="14" bec="0" bev="0" fileid="3" />
            </Method>
            <Method visited="true" cyclomaticComplexity="1" nPathComplexity="0" sequenceCoverage="100" branchCoverage="100" crapScore="1" isConstructor="false" isStatic="false" isGetter="true" isSetter="false">
              <Summary numSequencePoints="3" visitedSequencePoints="3" numBranchPoints="1" visitedBranchPoints="1" sequenceCoverage="100" branchCoverage="100" maxCyclomaticComplexity="1" minCyclomaticComplexity="1" maxCrapScore="1" minCrapScore="1" visitedClasses="0" numClasses="0" visitedMethods="1" numMethods="1" />
              <MetadataToken>100663317</MetadataToken>
              <Name>System.Int32 PowerPoint.IGraphicsMock::get_DrawCircleCount()</Name>
              <FileRef uid="3" />
              <SequencePoints>
                <SequencePoint vc="5" uspid="45" ordinal="0" offset="0" sl="74" sc="13" el="74" ec="14" bec="0" bev="0" fileid="3" />
                <SequencePoint vc="5" uspid="46" ordinal="1" offset="1" sl="75" sc="17" el="75" ec="41" bec="0" bev="0" fileid="3" />
                <SequencePoint vc="5" uspid="47" ordinal="2" offset="10" sl="76" sc="13" el="76" ec="14" bec="0" bev="0" fileid="3" />
              </SequencePoints>
              <BranchPoints />
              <MethodPoint xsi:type="SequencePoint" vc="5" uspid="45" ordinal="0" offset="0" sl="74" sc="13" el="74" ec="14" bec="0" bev="0" fileid="3" />
            </Method>
            <Method visited="true" cyclomaticComplexity="1" nPathComplexity="0" sequenceCoverage="100" branchCoverage="100" crapScore="1" isConstructor="false" isStatic="false" isGetter="true" isSetter="false">
              <Summary numSequencePoints="3" visitedSequencePoints="3" numBranchPoints="1" visitedBranchPoints="1" sequenceCoverage="100" branchCoverage="100" maxCyclomaticComplexity="1" minCyclomaticComplexity="1" maxCrapScore="1" minCrapScore="1" visitedClasses="0" numClasses="0" visitedMethods="1" numMethods="1" />
              <MetadataToken>100663318</MetadataToken>
              <Name>System.Int32 PowerPoint.IGraphicsMock::get_DrawDotCount()</Name>
              <FileRef uid="3" />
              <SequencePoints>
                <SequencePoint vc="6" uspid="48" ordinal="0" offset="0" sl="82" sc="13" el="82" ec="14" bec="0" bev="0" fileid="3" />
                <SequencePoint vc="6" uspid="49" ordinal="1" offset="1" sl="83" sc="17" el="83" ec="38" bec="0" bev="0" fileid="3" />
                <SequencePoint vc="6" uspid="50" ordinal="2" offset="10" sl="84" sc="13" el="84" ec="14" bec="0" bev="0" fileid="3" />
              </SequencePoints>
              <BranchPoints />
              <MethodPoint xsi:type="SequencePoint" vc="6" uspid="48" ordinal="0" offset="0" sl="82" sc="13" el="82" ec="14" bec="0" bev="0" fileid="3" />
            </Method>
            <Method visited="true" cyclomaticComplexity="1" nPathComplexity="0" sequenceCoverage="100" branchCoverage="100" crapScore="1" isConstructor="false" isStatic="false" isGetter="false" isSetter="false">
              <Summary numSequencePoints="3" visitedSequencePoints="3" numBranchPoints="1" visitedBranchPoints="1" sequenceCoverage="100" branchCoverage="100" maxCyclomaticComplexity="1" minCyclomaticComplexity="1" maxCrapScore="1" minCrapScore="1" visitedClasses="0" numClasses="0" visitedMethods="1" numMethods="1" />
              <MetadataToken>100663309</MetadataToken>
              <Name>System.Void PowerPoint.IGraphicsMock::ClearAll()</Name>
              <FileRef uid="3" />
              <SequencePoints>
                <SequencePoint vc="2" uspid="51" ordinal="0" offset="0" sl="19" sc="9" el="19" ec="10" bec="0" bev="0" fileid="3" />
                <SequencePoint vc="2" uspid="52" ordinal="1" offset="1" sl="20" sc="13" el="20" ec="30" bec="0" bev="0" fileid="3" />
                <SequencePoint vc="2" uspid="53" ordinal="2" offset="15" sl="21" sc="9" el="21" ec="10" bec="0" bev="0" fileid="3" />
              </SequencePoints>
              <BranchPoints />
              <MethodPoint xsi:type="SequencePoint" vc="2" uspid="51" ordinal="0" offset="0" sl="19" sc="9" el="19" ec="10" bec="0" bev="0" fileid="3" />
            </Method>
            <Method visited="true" cyclomaticComplexity="1" nPathComplexity="0" sequenceCoverage="100" branchCoverage="100" crapScore="1" isConstructor="false" isStatic="false" isGetter="false" isSetter="false">
              <Summary numSequencePoints="3" visitedSequencePoints="3" numBranchPoints="1" visitedBranchPoints="1" sequenceCoverage="100" branchCoverage="100" maxCyclomaticComplexity="1" minCyclomaticComplexity="1" maxCrapScore="1" minCrapScore="1" visitedClasses="0" numClasses="0" visitedMethods="1" numMethods="1" />
              <MetadataToken>100663310</MetadataToken>
              <Name>System.Void PowerPoint.IGraphicsMock::DrawLine(System.Double,System.Double,System.Double,System.Double)</Name>
              <FileRef uid="3" />
              <SequencePoints>
                <SequencePoint vc="6" uspid="54" ordinal="0" offset="0" sl="25" sc="9" el="25" ec="10" bec="0" bev="0" fileid="3" />
                <SequencePoint vc="6" uspid="55" ordinal="1" offset="1" sl="26" sc="13" el="26" ec="30" bec="0" bev="0" fileid="3" />
                <SequencePoint vc="6" uspid="56" ordinal="2" offset="15" sl="27" sc="9" el="27" ec="10" bec="0" bev="0" fileid="3" />
              </SequencePoints>
              <BranchPoints />
              <MethodPoint xsi:type="SequencePoint" vc="6" uspid="54" ordinal="0" offset="0" sl="25" sc="9" el="25" ec="10" bec="0" bev="0" fileid="3" />
            </Method>
            <Method visited="true" cyclomaticComplexity="1" nPathComplexity="0" sequenceCoverage="100" branchCoverage="100" crapScore="1" isConstructor="false" isStatic="false" isGetter="false" isSetter="false">
              <Summary numSequencePoints="3" visitedSequencePoints="3" numBranchPoints="1" visitedBranchPoints="1" sequenceCoverage="100" branchCoverage="100" maxCyclomaticComplexity="1" minCyclomaticComplexity="1" maxCrapScore="1" minCrapScore="1" visitedClasses="0" numClasses="0" visitedMethods="1" numMethods="1" />
              <MetadataToken>100663311</MetadataToken>
              <Name>System.Void PowerPoint.IGraphicsMock::DrawRectangle(System.Double,System.Double,System.Double,System.Double)</Name>
              <FileRef uid="3" />
              <SequencePoints>
                <SequencePoint vc="3" uspid="57" ordinal="0" offset="0" sl="31" sc="9" el="31" ec="10" bec="0" bev="0" fileid="3" />
                <SequencePoint vc="3" uspid="58" ordinal="1" offset="1" sl="32" sc="13" el="32" ec="35" bec="0" bev="0" fileid="3" />
                <SequencePoint vc="3" uspid="59" ordinal="2" offset="15" sl="33" sc="9" el="33" ec="10" bec="0" bev="0" fileid="3" />
              </SequencePoints>
              <BranchPoints />
              <MethodPoint xsi:type="SequencePoint" vc="3" uspid="57" ordinal="0" offset="0" sl="31" sc="9" el="31" ec="10" bec="0" bev="0" fileid="3" />
            </Method>
            <Method visited="true" cyclomaticComplexity="1" nPathComplexity="0" sequenceCoverage="100" branchCoverage="100" crapScore="1" isConstructor="false" isStatic="false" isGetter="false" isSetter="false">
              <Summary numSequencePoints="3" visitedSequencePoints="3" numBranchPoints="1" visitedBranchPoints="1" sequenceCoverage="100" branchCoverage="100" maxCyclomaticComplexity="1" minCyclomaticComplexity="1" maxCrapScore="1" minCrapScore="1" visitedClasses="0" numClasses="0" visitedMethods="1" numMethods="1" />
              <MetadataToken>100663312</MetadataToken>
              <Name>System.Void PowerPoint.IGraphicsMock::DrawCircle(System.Double,System.Double,System.Double,System.Double)</Name>
              <FileRef uid="3" />
              <SequencePoints>
                <SequencePoint vc="4" uspid="60" ordinal="0" offset="0" sl="37" sc="9" el="37" ec="10" bec="0" bev="0" fileid="3" />
                <SequencePoint vc="4" uspid="61" ordinal="1" offset="1" sl="38" sc="13" el="38" ec="32" bec="0" bev="0" fileid="3" />
                <SequencePoint vc="4" uspid="62" ordinal="2" offset="15" sl="39" sc="9" el="39" ec="10" bec="0" bev="0" fileid="3" />
              </SequencePoints>
              <BranchPoints />
              <MethodPoint xsi:type="SequencePoint" vc="4" uspid="60" ordinal="0" offset="0" sl="37" sc="9" el="37" ec="10" bec="0" bev="0" fileid="3" />
            </Method>
            <Method visited="true" cyclomaticComplexity="1" nPathComplexity="0" sequenceCoverage="100" branchCoverage="100" crapScore="1" isConstructor="false" isStatic="false" isGetter="false" isSetter="false">
              <Summary numSequencePoints="3" visitedSequencePoints="3" numBranchPoints="1" visitedBranchPoints="1" sequenceCoverage="100" branchCoverage="100" maxCyclomaticComplexity="1" minCyclomaticComplexity="1" maxCrapScore="1" minCrapScore="1" visitedClasses="0" numClasses="0" visitedMethods="1" numMethods="1" />
              <MetadataToken>100663313</MetadataToken>
              <Name>System.Void PowerPoint.IGraphicsMock::DrawDot(System.Double,System.Double,System.Double)</Name>
              <FileRef uid="3" />
              <SequencePoints>
                <SequencePoint vc="48" uspid="63" ordinal="0" offset="0" sl="43" sc="9" el="43" ec="10" bec="0" bev="0" fileid="3" />
                <SequencePoint vc="48" uspid="64" ordinal="1" offset="1" sl="44" sc="13" el="44" ec="29" bec="0" bev="0" fileid="3" />
                <SequencePoint vc="48" uspid="65" ordinal="2" offset="15" sl="45" sc="9" el="45" ec="10" bec="0" bev="0" fileid="3" />
              </SequencePoints>
              <BranchPoints />
              <MethodPoint xsi:type="SequencePoint" vc="48" uspid="63" ordinal="0" offset="0" sl="43" sc="9" el="43" ec="10" bec="0" bev="0" fileid="3" />
            </Method>
            <Method visited="true" cyclomaticComplexity="1" nPathComplexity="0" sequenceCoverage="100" branchCoverage="100" crapScore="1" isConstructor="true" isStatic="false" isGetter="false" isSetter="false">
              <Summary numSequencePoints="5" visitedSequencePoints="5" numBranchPoints="1" visitedBranchPoints="1" sequenceCoverage="100" branchCoverage="100" maxCyclomaticComplexity="1" minCyclomaticComplexity="1" maxCrapScore="1" minCrapScore="1" visitedClasses="0" numClasses="0" visitedMethods="1" numMethods="1" />
              <MetadataToken>100663319</MetadataToken>
              <Name>System.Void PowerPoint.IGraphicsMock::.ctor()</Name>
              <FileRef uid="3" />
              <SequencePoints>
                <SequencePoint vc="10" uspid="66" ordinal="0" offset="0" sl="11" sc="9" el="11" ec="32" bec="0" bev="0" fileid="3" />
                <SequencePoint vc="10" uspid="67" ordinal="1" offset="7" sl="12" sc="9" el="12" ec="32" bec="0" bev="0" fileid="3" />
                <SequencePoint vc="10" uspid="68" ordinal="2" offset="14" sl="13" sc="9" el="13" ec="37" bec="0" bev="0" fileid="3" />
                <SequencePoint vc="10" uspid="69" ordinal="3" offset="21" sl="14" sc="9" el="14" ec="34" bec="0" bev="0" fileid="3" />
                <SequencePoint vc="10" uspid="70" ordinal="4" offset="28" sl="15" sc="9" el="15" ec="31" bec="0" bev="0" fileid="3" />
              </SequencePoints>
              <BranchPoints />
              <MethodPoint xsi:type="SequencePoint" vc="10" uspid="66" ordinal="0" offset="0" sl="11" sc="9" el="11" ec="32" bec="0" bev="0" fileid="3" />
            </Method>
          </Methods>
        </Class>
        <Class>
          <Summary numSequencePoints="21" visitedSequencePoints="21" numBranchPoints="7" visitedBranchPoints="7" sequenceCoverage="100" branchCoverage="100" maxCyclomaticComplexity="1" minCyclomaticComplexity="1" maxCrapScore="1" minCrapScore="1" visitedClasses="1" numClasses="1" visitedMethods="7" numMethods="7" />
          <FullName>PowerPoint.IStateMock</FullName>
          <Methods>
            <Method visited="true" cyclomaticComplexity="1" nPathComplexity="0" sequenceCoverage="100" branchCoverage="100" crapScore="1" isConstructor="false" isStatic="false" isGetter="true" isSetter="false">
              <Summary numSequencePoints="3" visitedSequencePoints="3" numBranchPoints="1" visitedBranchPoints="1" sequenceCoverage="100" branchCoverage="100" maxCyclomaticComplexity="1" minCyclomaticComplexity="1" maxCrapScore="1" minCrapScore="1" visitedClasses="0" numClasses="0" visitedMethods="1" numMethods="1" />
              <MetadataToken>100663323</MetadataToken>
              <Name>System.Int32 PowerPoint.IStateMock::get_MouseDownCount()</Name>
              <FileRef uid="4" />
              <SequencePoints>
                <SequencePoint vc="1" uspid="71" ordinal="0" offset="0" sl="36" sc="13" el="36" ec="14" bec="0" bev="0" fileid="4" />
                <SequencePoint vc="1" uspid="72" ordinal="1" offset="1" sl="37" sc="17" el="37" ec="40" bec="0" bev="0" fileid="4" />
                <SequencePoint vc="1" uspid="73" ordinal="2" offset="10" sl="38" sc="13" el="38" ec="14" bec="0" bev="0" fileid="4" />
              </SequencePoints>
              <BranchPoints />
              <MethodPoint xsi:type="SequencePoint" vc="1" uspid="71" ordinal="0" offset="0" sl="36" sc="13" el="36" ec="14" bec="0" bev="0" fileid="4" />
            </Method>
            <Method visited="true" cyclomaticComplexity="1" nPathComplexity="0" sequenceCoverage="100" branchCoverage="100" crapScore="1" isConstructor="false" isStatic="false" isGetter="true" isSetter="false">
              <Summary numSequencePoints="3" visitedSequencePoints="3" numBranchPoints="1" visitedBranchPoints="1" sequenceCoverage="100" branchCoverage="100" maxCyclomaticComplexity="1" minCyclomaticComplexity="1" maxCrapScore="1" minCrapScore="1" visitedClasses="0" numClasses="0" visitedMethods="1" numMethods="1" />
              <MetadataToken>100663324</MetadataToken>
              <Name>System.Int32 PowerPoint.IStateMock::get_MouseMoveCount()</Name>
              <FileRef uid="4" />
              <SequencePoints>
                <SequencePoint vc="2" uspid="74" ordinal="0" offset="0" sl="43" sc="13" el="43" ec="14" bec="0" bev="0" fileid="4" />
                <SequencePoint vc="2" uspid="75" ordinal="1" offset="1" sl="44" sc="17" el="44" ec="40" bec="0" bev="0" fileid="4" />
                <SequencePoint vc="2" uspid="76" ordinal="2" offset="10" sl="45" sc="13" el="45" ec="14" bec="0" bev="0" fileid="4" />
              </SequencePoints>
              <BranchPoints />
              <MethodPoint xsi:type="SequencePoint" vc="2" uspid="74" ordinal="0" offset="0" sl="43" sc="13" el="43" ec="14" bec="0" bev="0" fileid="4" />
            </Method>
            <Method visited="true" cyclomaticComplexity="1" nPathComplexity="0" sequenceCoverage="100" branchCoverage="100" crapScore="1" isConstructor="false" isStatic="false" isGetter="true" isSetter="false">
              <Summary numSequencePoints="3" visitedSequencePoints="3" numBranchPoints="1" visitedBranchPoints="1" sequenceCoverage="100" branchCoverage="100" maxCyclomaticComplexity="1" minCyclomaticComplexity="1" maxCrapScore="1" minCrapScore="1" visitedClasses="0" numClasses="0" visitedMethods="1" numMethods="1" />
              <MetadataToken>100663325</MetadataToken>
              <Name>System.Int32 PowerPoint.IStateMock::get_MouseReleaseCount()</Name>
              <FileRef uid="4" />
              <SequencePoints>
                <SequencePoint vc="2" uspid="77" ordinal="0" offset="0" sl="50" sc="13" el="50" ec="14" bec="0" bev="0" fileid="4" />
                <SequencePoint vc="2" uspid="78" ordinal="1" offset="1" sl="51" sc="17" el="51" ec="43" bec="0" bev="0" fileid="4" />
                <SequencePoint vc="2" uspid="79" ordinal="2" offset="10" sl="52" sc="13" el="52" ec="14" bec="0" bev="0" fileid="4" />
              </SequencePoints>
              <BranchPoints />
              <MethodPoint xsi:type="SequencePoint" vc="2" uspid="77" ordinal="0" offset="0" sl="50" sc="13" el="50" ec="14" bec="0" bev="0" fileid="4" />
            </Method>
            <Method visited="true" cyclomaticComplexity="1" nPathComplexity="0" sequenceCoverage="100" branchCoverage="100" crapScore="1" isConstructor="false" isStatic="false" isGetter="false" isSetter="false">
              <Summary numSequencePoints="3" visitedSequencePoints="3" numBranchPoints="1" visitedBranchPoints="1" sequenceCoverage="100" branchCoverage="100" maxCyclomaticComplexity="1" minCyclomaticComplexity="1" maxCrapScore="1" minCrapScore="1" visitedClasses="0" numClasses="0" visitedMethods="1" numMethods="1" />
              <MetadataToken>100663320</MetadataToken>
              <Name>System.Void PowerPoint.IStateMock::MouseDown(System.Double,System.Double)</Name>
              <FileRef uid="4" />
              <SequencePoints>
                <SequencePoint vc="1" uspid="80" ordinal="0" offset="0" sl="17" sc="9" el="17" ec="10" bec="0" bev="0" fileid="4" />
                <SequencePoint vc="1" uspid="81" ordinal="1" offset="1" sl="18" sc="13" el="18" ec="31" bec="0" bev="0" fileid="4" />
                <SequencePoint vc="1" uspid="82" ordinal="2" offset="15" sl="19" sc="9" el="19" ec="10" bec="0" bev="0" fileid="4" />
              </SequencePoints>
              <BranchPoints />
              <MethodPoint xsi:type="SequencePoint" vc="1" uspid="80" ordinal="0" offset="0" sl="17" sc="9" el="17" ec="10" bec="0" bev="0" fileid="4" />
            </Method>
            <Method visited="true" cyclomaticComplexity="1" nPathComplexity="0" sequenceCoverage="100" branchCoverage="100" crapScore="1" isConstructor="false" isStatic="false" isGetter="false" isSetter="false">
              <Summary numSequencePoints="3" visitedSequencePoints="3" numBranchPoints="1" visitedBranchPoints="1" sequenceCoverage="100" branchCoverage="100" maxCyclomaticComplexity="1" minCyclomaticComplexity="1" maxCrapScore="1" minCrapScore="1" visitedClasses="0" numClasses="0" visitedMethods="1" numMethods="1" />
              <MetadataToken>100663321</MetadataToken>
              <Name>System.Void PowerPoint.IStateMock::MouseMove(System.Double,System.Double)</Name>
              <FileRef uid="4" />
              <SequencePoints>
                <SequencePoint vc="1" uspid="83" ordinal="0" offset="0" sl="23" sc="9" el="23" ec="10" bec="0" bev="0" fileid="4" />
                <SequencePoint vc="1" uspid="84" ordinal="1" offset="1" sl="24" sc="13" el="24" ec="31" bec="0" bev="0" fileid="4" />
                <SequencePoint vc="1" uspid="85" ordinal="2" offset="15" sl="25" sc="9" el="25" ec="10" bec="0" bev="0" fileid="4" />
              </SequencePoints>
              <BranchPoints />
              <MethodPoint xsi:type="SequencePoint" vc="1" uspid="83" ordinal="0" offset="0" sl="23" sc="9" el="23" ec="10" bec="0" bev="0" fileid="4" />
            </Method>
            <Method visited="true" cyclomaticComplexity="1" nPathComplexity="0" sequenceCoverage="100" branchCoverage="100" crapScore="1" isConstructor="false" isStatic="false" isGetter="false" isSetter="false">
              <Summary numSequencePoints="3" visitedSequencePoints="3" numBranchPoints="1" visitedBranchPoints="1" sequenceCoverage="100" branchCoverage="100" maxCyclomaticComplexity="1" minCyclomaticComplexity="1" maxCrapScore="1" minCrapScore="1" visitedClasses="0" numClasses="0" visitedMethods="1" numMethods="1" />
              <MetadataToken>100663322</MetadataToken>
              <Name>System.Void PowerPoint.IStateMock::MouseRelease()</Name>
              <FileRef uid="4" />
              <SequencePoints>
                <SequencePoint vc="1" uspid="86" ordinal="0" offset="0" sl="29" sc="9" el="29" ec="10" bec="0" bev="0" fileid="4" />
                <SequencePoint vc="1" uspid="87" ordinal="1" offset="1" sl="30" sc="13" el="30" ec="34" bec="0" bev="0" fileid="4" />
                <SequencePoint vc="1" uspid="88" ordinal="2" offset="15" sl="31" sc="9" el="31" ec="10" bec="0" bev="0" fileid="4" />
              </SequencePoints>
              <BranchPoints />
              <MethodPoint xsi:type="SequencePoint" vc="1" uspid="86" ordinal="0" offset="0" sl="29" sc="9" el="29" ec="10" bec="0" bev="0" fileid="4" />
            </Method>
            <Method visited="true" cyclomaticComplexity="1" nPathComplexity="0" sequenceCoverage="100" branchCoverage="100" crapScore="1" isConstructor="true" isStatic="false" isGetter="false" isSetter="false">
              <Summary numSequencePoints="3" visitedSequencePoints="3" numBranchPoints="1" visitedBranchPoints="1" sequenceCoverage="100" branchCoverage="100" maxCyclomaticComplexity="1" minCyclomaticComplexity="1" maxCrapScore="1" minCrapScore="1" visitedClasses="0" numClasses="0" visitedMethods="1" numMethods="1" />
              <MetadataToken>100663326</MetadataToken>
              <Name>System.Void PowerPoint.IStateMock::.ctor()</Name>
              <FileRef uid="4" />
              <SequencePoints>
                <SequencePoint vc="5" uspid="89" ordinal="0" offset="0" sl="11" sc="9" el="11" ec="33" bec="0" bev="0" fileid="4" />
                <SequencePoint vc="5" uspid="90" ordinal="1" offset="7" sl="12" sc="9" el="12" ec="33" bec="0" bev="0" fileid="4" />
                <SequencePoint vc="5" uspid="91" ordinal="2" offset="14" sl="13" sc="9" el="13" ec="36" bec="0" bev="0" fileid="4" />
              </SequencePoints>
              <BranchPoints />
              <MethodPoint xsi:type="SequencePoint" vc="5" uspid="89" ordinal="0" offset="0" sl="11" sc="9" el="11" ec="33" bec="0" bev="0" fileid="4" />
            </Method>
          </Methods>
        </Class>
        <Class>
          <Summary numSequencePoints="78" visitedSequencePoints="78" numBranchPoints="23" visitedBranchPoints="23" sequenceCoverage="100" branchCoverage="100" maxCyclomaticComplexity="1" minCyclomaticComplexity="1" maxCrapScore="1" minCrapScore="1" visitedClasses="1" numClasses="1" visitedMethods="23" numMethods="23" />
          <FullName>PowerPoint.ModelMock</FullName>
          <Methods>
            <Method visited="true" cyclomaticComplexity="1" nPathComplexity="0" sequenceCoverage="100" branchCoverage="100" crapScore="1" isConstructor="false" isStatic="false" isGetter="true" isSetter="false">
              <Summary numSequencePoints="3" visitedSequencePoints="3" numBranchPoints="1" visitedBranchPoints="1" sequenceCoverage="100" branchCoverage="100" maxCyclomaticComplexity="1" minCyclomaticComplexity="1" maxCrapScore="1" minCrapScore="1" visitedClasses="0" numClasses="0" visitedMethods="1" numMethods="1" />
              <MetadataToken>100663338</MetadataToken>
              <Name>System.Int32 PowerPoint.ModelMock::get_AddButtonCount()</Name>
              <FileRef uid="5" />
              <SequencePoints>
                <SequencePoint vc="1" uspid="92" ordinal="0" offset="0" sl="93" sc="13" el="93" ec="14" bec="0" bev="0" fileid="5" />
                <SequencePoint vc="1" uspid="93" ordinal="1" offset="1" sl="94" sc="17" el="94" ec="40" bec="0" bev="0" fileid="5" />
                <SequencePoint vc="1" uspid="94" ordinal="2" offset="10" sl="95" sc="13" el="95" ec="14" bec="0" bev="0" fileid="5" />
              </SequencePoints>
              <BranchPoints />
              <MethodPoint xsi:type="SequencePoint" vc="1" uspid="92" ordinal="0" offset="0" sl="93" sc="13" el="93" ec="14" bec="0" bev="0" fileid="5" />
            </Method>
            <Method visited="true" cyclomaticComplexity="1" nPathComplexity="0" sequenceCoverage="100" branchCoverage="100" crapScore="1" isConstructor="false" isStatic="false" isGetter="true" isSetter="false">
              <Summary numSequencePoints="3" visitedSequencePoints="3" numBranchPoints="1" visitedBranchPoints="1" sequenceCoverage="100" branchCoverage="100" maxCyclomaticComplexity="1" minCyclomaticComplexity="1" maxCrapScore="1" minCrapScore="1" visitedClasses="0" numClasses="0" visitedMethods="1" numMethods="1" />
              <MetadataToken>100663339</MetadataToken>
              <Name>System.Int32 PowerPoint.ModelMock::get_DeleteButtonCount()</Name>
              <FileRef uid="5" />
              <SequencePoints>
                <SequencePoint vc="1" uspid="95" ordinal="0" offset="0" sl="101" sc="13" el="101" ec="14" bec="0" bev="0" fileid="5" />
                <SequencePoint vc="1" uspid="96" ordinal="1" offset="1" sl="102" sc="17" el="102" ec="43" bec="0" bev="0" fileid="5" />
                <SequencePoint vc="1" uspid="97" ordinal="2" offset="10" sl="103" sc="13" el="103" ec="14" bec="0" bev="0" fileid="5" />
              </SequencePoints>
              <BranchPoints />
              <MethodPoint xsi:type="SequencePoint" vc="1" uspid="95" ordinal="0" offset="0" sl="101" sc="13" el="101" ec="14" bec="0" bev="0" fileid="5" />
            </Method>
            <Method visited="true" cyclomaticComplexity="1" nPathComplexity="0" sequenceCoverage="100" branchCoverage="100" crapScore="1" isConstructor="false" isStatic="false" isGetter="true" isSetter="false">
              <Summary numSequencePoints="3" visitedSequencePoints="3" numBranchPoints="1" visitedBranchPoints="1" sequenceCoverage="100" branchCoverage="100" maxCyclomaticComplexity="1" minCyclomaticComplexity="1" maxCrapScore="1" minCrapScore="1" visitedClasses="0" numClasses="0" visitedMethods="1" numMethods="1" />
              <MetadataToken>100663340</MetadataToken>
              <Name>System.Int32 PowerPoint.ModelMock::get_DrawCount()</Name>
              <FileRef uid="5" />
              <SequencePoints>
                <SequencePoint vc="2" uspid="98" ordinal="0" offset="0" sl="109" sc="13" el="109" ec="14" bec="0" bev="0" fileid="5" />
                <SequencePoint vc="2" uspid="99" ordinal="1" offset="1" sl="110" sc="17" el="110" ec="35" bec="0" bev="0" fileid="5" />
                <SequencePoint vc="2" uspid="100" ordinal="2" offset="10" sl="111" sc="13" el="111" ec="14" bec="0" bev="0" fileid="5" />
              </SequencePoints>
              <BranchPoints />
              <MethodPoint xsi:type="SequencePoint" vc="2" uspid="98" ordinal="0" offset="0" sl="109" sc="13" el="109" ec="14" bec="0" bev="0" fileid="5" />
            </Method>
            <Method visited="true" cyclomaticComplexity="1" nPathComplexity="0" sequenceCoverage="100" branchCoverage="100" crapScore="1" isConstructor="false" isStatic="false" isGetter="true" isSetter="false">
              <Summary numSequencePoints="3" visitedSequencePoints="3" numBranchPoints="1" visitedBranchPoints="1" sequenceCoverage="100" branchCoverage="100" maxCyclomaticComplexity="1" minCyclomaticComplexity="1" maxCrapScore="1" minCrapScore="1" visitedClasses="0" numClasses="0" visitedMethods="1" numMethods="1" />
              <MetadataToken>100663341</MetadataToken>
              <Name>System.Int32 PowerPoint.ModelMock::get_PressCount()</Name>
              <FileRef uid="5" />
              <SequencePoints>
                <SequencePoint vc="4" uspid="101" ordinal="0" offset="0" sl="117" sc="13" el="117" ec="14" bec="0" bev="0" fileid="5" />
                <SequencePoint vc="4" uspid="102" ordinal="1" offset="1" sl="118" sc="17" el="118" ec="36" bec="0" bev="0" fileid="5" />
                <SequencePoint vc="4" uspid="103" ordinal="2" offset="10" sl="119" sc="13" el="119" ec="14" bec="0" bev="0" fileid="5" />
              </SequencePoints>
              <BranchPoints />
              <MethodPoint xsi:type="SequencePoint" vc="4" uspid="101" ordinal="0" offset="0" sl="117" sc="13" el="117" ec="14" bec="0" bev="0" fileid="5" />
            </Method>
            <Method visited="true" cyclomaticComplexity="1" nPathComplexity="0" sequenceCoverage="100" branchCoverage="100" crapScore="1" isConstructor="false" isStatic="false" isGetter="true" isSetter="false">
              <Summary numSequencePoints="3" visitedSequencePoints="3" numBranchPoints="1" visitedBranchPoints="1" sequenceCoverage="100" branchCoverage="100" maxCyclomaticComplexity="1" minCyclomaticComplexity="1" maxCrapScore="1" minCrapScore="1" visitedClasses="0" numClasses="0" visitedMethods="1" numMethods="1" />
              <MetadataToken>100663342</MetadataToken>
              <Name>System.Int32 PowerPoint.ModelMock::get_MoveCount()</Name>
              <FileRef uid="5" />
              <SequencePoints>
                <SequencePoint vc="1" uspid="104" ordinal="0" offset="0" sl="125" sc="13" el="125" ec="14" bec="0" bev="0" fileid="5" />
                <SequencePoint vc="1" uspid="105" ordinal="1" offset="1" sl="126" sc="17" el="126" ec="35" bec="0" bev="0" fileid="5" />
                <SequencePoint vc="1" uspid="106" ordinal="2" offset="10" sl="127" sc="13" el="127" ec="14" bec="0" bev="0" fileid="5" />
              </SequencePoints>
              <BranchPoints />
              <MethodPoint xsi:type="SequencePoint" vc="1" uspid="104" ordinal="0" offset="0" sl="125" sc="13" el="125" ec="14" bec="0" bev="0" fileid="5" />
            </Method>
            <Method visited="true" cyclomaticComplexity="1" nPathComplexity="0" sequenceCoverage="100" branchCoverage="100" crapScore="1" isConstructor="false" isStatic="false" isGetter="true" isSetter="false">
              <Summary numSequencePoints="3" visitedSequencePoints="3" numBranchPoints="1" visitedBranchPoints="1" sequenceCoverage="100" branchCoverage="100" maxCyclomaticComplexity="1" minCyclomaticComplexity="1" maxCrapScore="1" minCrapScore="1" visitedClasses="0" numClasses="0" visitedMethods="1" numMethods="1" />
              <MetadataToken>100663343</MetadataToken>
              <Name>System.Int32 PowerPoint.ModelMock::get_ReleaseCount()</Name>
              <FileRef uid="5" />
              <SequencePoints>
                <SequencePoint vc="1" uspid="107" ordinal="0" offset="0" sl="133" sc="13" el="133" ec="14" bec="0" bev="0" fileid="5" />
                <SequencePoint vc="1" uspid="108" ordinal="1" offset="1" sl="134" sc="17" el="134" ec="38" bec="0" bev="0" fileid="5" />
                <SequencePoint vc="1" uspid="109" ordinal="2" offset="10" sl="135" sc="13" el="135" ec="14" bec="0" bev="0" fileid="5" />
              </SequencePoints>
              <BranchPoints />
              <MethodPoint xsi:type="SequencePoint" vc="1" uspid="107" ordinal="0" offset="0" sl="133" sc="13" el="133" ec="14" bec="0" bev="0" fileid="5" />
            </Method>
            <Method visited="true" cyclomaticComplexity="1" nPathComplexity="0" sequenceCoverage="100" branchCoverage="100" crapScore="1" isConstructor="false" isStatic="false" isGetter="true" isSetter="false">
              <Summary numSequencePoints="3" visitedSequencePoints="3" numBranchPoints="1" visitedBranchPoints="1" sequenceCoverage="100" branchCoverage="100" maxCyclomaticComplexity="1" minCyclomaticComplexity="1" maxCrapScore="1" minCrapScore="1" visitedClasses="0" numClasses="0" visitedMethods="1" numMethods="1" />
              <MetadataToken>100663344</MetadataToken>
              <Name>System.Int32 PowerPoint.ModelMock::get_DeleteCount()</Name>
              <FileRef uid="5" />
              <SequencePoints>
                <SequencePoint vc="1" uspid="110" ordinal="0" offset="0" sl="141" sc="13" el="141" ec="14" bec="0" bev="0" fileid="5" />
                <SequencePoint vc="1" uspid="111" ordinal="1" offset="1" sl="142" sc="17" el="142" ec="37" bec="0" bev="0" fileid="5" />
                <SequencePoint vc="1" uspid="112" ordinal="2" offset="10" sl="143" sc="13" el="143" ec="14" bec="0" bev="0" fileid="5" />
              </SequencePoints>
              <BranchPoints />
              <MethodPoint xsi:type="SequencePoint" vc="1" uspid="110" ordinal="0" offset="0" sl="141" sc="13" el="141" ec="14" bec="0" bev="0" fileid="5" />
            </Method>
            <Method visited="true" cyclomaticComplexity="1" nPathComplexity="0" sequenceCoverage="100" branchCoverage="100" crapScore="1" isConstructor="false" isStatic="false" isGetter="true" isSetter="false">
              <Summary numSequencePoints="3" visitedSequencePoints="3" numBranchPoints="1" visitedBranchPoints="1" sequenceCoverage="100" branchCoverage="100" maxCyclomaticComplexity="1" minCyclomaticComplexity="1" maxCrapScore="1" minCrapScore="1" visitedClasses="0" numClasses="0" visitedMethods="1" numMethods="1" />
              <MetadataToken>100663345</MetadataToken>
              <Name>System.Int32 PowerPoint.ModelMock::get_UndoCount()</Name>
              <FileRef uid="5" />
              <SequencePoints>
                <SequencePoint vc="2" uspid="113" ordinal="0" offset="0" sl="149" sc="13" el="149" ec="14" bec="0" bev="0" fileid="5" />
                <SequencePoint vc="2" uspid="114" ordinal="1" offset="1" sl="150" sc="17" el="150" ec="35" bec="0" bev="0" fileid="5" />
                <SequencePoint vc="2" uspid="115" ordinal="2" offset="10" sl="151" sc="13" el="151" ec="14" bec="0" bev="0" fileid="5" />
              </SequencePoints>
              <BranchPoints />
              <MethodPoint xsi:type="SequencePoint" vc="2" uspid="113" ordinal="0" offset="0" sl="149" sc="13" el="149" ec="14" bec="0" bev="0" fileid="5" />
            </Method>
            <Method visited="true" cyclomaticComplexity="1" nPathComplexity="0" sequenceCoverage="100" branchCoverage="100" crapScore="1" isConstructor="false" isStatic="false" isGetter="true" isSetter="false">
              <Summary numSequencePoints="3" visitedSequencePoints="3" numBranchPoints="1" visitedBranchPoints="1" sequenceCoverage="100" branchCoverage="100" maxCyclomaticComplexity="1" minCyclomaticComplexity="1" maxCrapScore="1" minCrapScore="1" visitedClasses="0" numClasses="0" visitedMethods="1" numMethods="1" />
              <MetadataToken>100663346</MetadataToken>
              <Name>System.Int32 PowerPoint.ModelMock::get_RedoCount()</Name>
              <FileRef uid="5" />
              <SequencePoints>
                <SequencePoint vc="2" uspid="116" ordinal="0" offset="0" sl="157" sc="13" el="157" ec="14" bec="0" bev="0" fileid="5" />
                <SequencePoint vc="2" uspid="117" ordinal="1" offset="1" sl="158" sc="17" el="158" ec="35" bec="0" bev="0" fileid="5" />
                <SequencePoint vc="2" uspid="118" ordinal="2" offset="10" sl="159" sc="13" el="159" ec="14" bec="0" bev="0" fileid="5" />
              </SequencePoints>
              <BranchPoints />
              <MethodPoint xsi:type="SequencePoint" vc="2" uspid="116" ordinal="0" offset="0" sl="157" sc="13" el="157" ec="14" bec="0" bev="0" fileid="5" />
            </Method>
            <Method visited="true" cyclomaticComplexity="1" nPathComplexity="0" sequenceCoverage="100" branchCoverage="100" crapScore="1" isConstructor="false" isStatic="false" isGetter="true" isSetter="false">
              <Summary numSequencePoints="3" visitedSequencePoints="3" numBranchPoints="1" visitedBranchPoints="1" sequenceCoverage="100" branchCoverage="100" maxCyclomaticComplexity="1" minCyclomaticComplexity="1" maxCrapScore="1" minCrapScore="1" visitedClasses="0" numClasses="0" visitedMethods="1" numMethods="1" />
              <MetadataToken>100663347</MetadataToken>
              <Name>System.Int32 PowerPoint.ModelMock::get_InScaleAreaCount()</Name>
              <FileRef uid="5" />
              <SequencePoints>
                <SequencePoint vc="1" uspid="119" ordinal="0" offset="0" sl="165" sc="13" el="165" ec="14" bec="0" bev="0" fileid="5" />
                <SequencePoint vc="1" uspid="120" ordinal="1" offset="1" sl="166" sc="17" el="166" ec="42" bec="0" bev="0" fileid="5" />
                <SequencePoint vc="1" uspid="121" ordinal="2" offset="10" sl="167" sc="13" el="167" ec="14" bec="0" bev="0" fileid="5" />
              </SequencePoints>
              <BranchPoints />
              <MethodPoint xsi:type="SequencePoint" vc="1" uspid="119" ordinal="0" offset="0" sl="165" sc="13" el="165" ec="14" bec="0" bev="0" fileid="5" />
            </Method>
            <Method visited="true" cyclomaticComplexity="1" nPathComplexity="0" sequenceCoverage="100" branchCoverage="100" crapScore="1" isConstructor="false" isStatic="false" isGetter="true" isSetter="false">
              <Summary numSequencePoints="3" visitedSequencePoints="3" numBranchPoints="1" visitedBranchPoints="1" sequenceCoverage="100" branchCoverage="100" maxCyclomaticComplexity="1" minCyclomaticComplexity="1" maxCrapScore="1" minCrapScore="1" visitedClasses="0" numClasses="0" visitedMethods="1" numMethods="1" />
              <MetadataToken>100663348</MetadataToken>
              <Name>System.Int32 PowerPoint.ModelMock::get_SetToolCount()</Name>
              <FileRef uid="5" />
              <SequencePoints>
                <SequencePoint vc="1" uspid="122" ordinal="0" offset="0" sl="173" sc="13" el="173" ec="14" bec="0" bev="0" fileid="5" />
                <SequencePoint vc="1" uspid="123" ordinal="1" offset="1" sl="174" sc="17" el="174" ec="38" bec="0" bev="0" fileid="5" />
                <SequencePoint vc="1" uspid="124" ordinal="2" offset="10" sl="175" sc="13" el="175" ec="14" bec="0" bev="0" fileid="5" />
              </SequencePoints>
              <BranchPoints />
              <MethodPoint xsi:type="SequencePoint" vc="1" uspid="122" ordinal="0" offset="0" sl="173" sc="13" el="173" ec="14" bec="0" bev="0" fileid="5" />
            </Method>
            <Method visited="true" cyclomaticComplexity="1" nPathComplexity="0" sequenceCoverage="100" branchCoverage="100" crapScore="1" isConstructor="false" isStatic="false" isGetter="false" isSetter="false">
              <Summary numSequencePoints="3" visitedSequencePoints="3" numBranchPoints="1" visitedBranchPoints="1" sequenceCoverage="100" branchCoverage="100" maxCyclomaticComplexity="1" minCyclomaticComplexity="1" maxCrapScore="1" minCrapScore="1" visitedClasses="0" numClasses="0" visitedMethods="1" numMethods="1" />
              <MetadataToken>100663327</MetadataToken>
              <Name>System.Void PowerPoint.ModelMock::AddButtonClickEvent(System.String)</Name>
              <FileRef uid="5" />
              <SequencePoints>
                <SequencePoint vc="1" uspid="125" ordinal="0" offset="0" sl="25" sc="9" el="25" ec="10" bec="0" bev="0" fileid="5" />
                <SequencePoint vc="1" uspid="126" ordinal="1" offset="1" sl="26" sc="13" el="26" ec="31" bec="0" bev="0" fileid="5" />
                <SequencePoint vc="1" uspid="127" ordinal="2" offset="15" sl="27" sc="9" el="27" ec="10" bec="0" bev="0" fileid="5" />
              </SequencePoints>
              <BranchPoints />
              <MethodPoint xsi:type="SequencePoint" vc="1" uspid="125" ordinal="0" offset="0" sl="25" sc="9" el="25" ec="10" bec="0" bev="0" fileid="5" />
            </Method>
            <Method visited="true" cyclomaticComplexity="1" nPathComplexity="0" sequenceCoverage="100" branchCoverage="100" crapScore="1" isConstructor="false" isStatic="false" isGetter="false" isSetter="false">
              <Summary numSequencePoints="3" visitedSequencePoints="3" numBranchPoints="1" visitedBranchPoints="1" sequenceCoverage="100" branchCoverage="100" maxCyclomaticComplexity="1" minCyclomaticComplexity="1" maxCrapScore="1" minCrapScore="1" visitedClasses="0" numClasses="0" visitedMethods="1" numMethods="1" />
              <MetadataToken>100663328</MetadataToken>
              <Name>System.Void PowerPoint.ModelMock::DeleteButtonClickEvent(System.Int32,System.Int32)</Name>
              <FileRef uid="5" />
              <SequencePoints>
                <SequencePoint vc="1" uspid="128" ordinal="0" offset="0" sl="31" sc="9" el="31" ec="10" bec="0" bev="0" fileid="5" />
                <SequencePoint vc="1" uspid="129" ordinal="1" offset="1" sl="32" sc="13" el="32" ec="34" bec="0" bev="0" fileid="5" />
                <SequencePoint vc="1" uspid="130" ordinal="2" offset="15" sl="33" sc="9" el="33" ec="10" bec="0" bev="0" fileid="5" />
              </SequencePoints>
              <BranchPoints />
              <MethodPoint xsi:type="SequencePoint" vc="1" uspid="128" ordinal="0" offset="0" sl="31" sc="9" el="31" ec="10" bec="0" bev="0" fileid="5" />
            </Method>
            <Method visited="true" cyclomaticComplexity="1" nPathComplexity="0" sequenceCoverage="100" branchCoverage="100" crapScore="1" isConstructor="false" isStatic="false" isGetter="false" isSetter="false">
              <Summary numSequencePoints="3" visitedSequencePoints="3" numBranchPoints="1" visitedBranchPoints="1" sequenceCoverage="100" branchCoverage="100" maxCyclomaticComplexity="1" minCyclomaticComplexity="1" maxCrapScore="1" minCrapScore="1" visitedClasses="0" numClasses="0" visitedMethods="1" numMethods="1" />
              <MetadataToken>100663329</MetadataToken>
              <Name>System.Void PowerPoint.ModelMock::Draw(PowerPoint.IGraphics)</Name>
              <FileRef uid="5" />
              <SequencePoints>
                <SequencePoint vc="2" uspid="131" ordinal="0" offset="0" sl="37" sc="9" el="37" ec="10" bec="0" bev="0" fileid="5" />
                <SequencePoint vc="2" uspid="132" ordinal="1" offset="1" sl="38" sc="13" el="38" ec="26" bec="0" bev="0" fileid="5" />
                <SequencePoint vc="2" uspid="133" ordinal="2" offset="15" sl="39" sc="9" el="39" ec="10" bec="0" bev="0" fileid="5" />
              </SequencePoints>
              <BranchPoints />
              <MethodPoint xsi:type="SequencePoint" vc="2" uspid="131" ordinal="0" offset="0" sl="37" sc="9" el="37" ec="10" bec="0" bev="0" fileid="5" />
            </Method>
            <Method visited="true" cyclomaticComplexity="1" nPathComplexity="0" sequenceCoverage="100" branchCoverage="100" crapScore="1" isConstructor="false" isStatic="false" isGetter="false" isSetter="false">
              <Summary numSequencePoints="3" visitedSequencePoints="3" numBranchPoints="1" visitedBranchPoints="1" sequenceCoverage="100" branchCoverage="100" maxCyclomaticComplexity="1" minCyclomaticComplexity="1" maxCrapScore="1" minCrapScore="1" visitedClasses="0" numClasses="0" visitedMethods="1" numMethods="1" />
              <MetadataToken>100663330</MetadataToken>
              <Name>System.Void PowerPoint.ModelMock::PressPointer(System.Double,System.Double)</Name>
              <FileRef uid="5" />
              <SequencePoints>
                <SequencePoint vc="3" uspid="134" ordinal="0" offset="0" sl="43" sc="9" el="43" ec="10" bec="0" bev="0" fileid="5" />
                <SequencePoint vc="3" uspid="135" ordinal="1" offset="1" sl="44" sc="13" el="44" ec="27" bec="0" bev="0" fileid="5" />
                <SequencePoint vc="3" uspid="136" ordinal="2" offset="15" sl="45" sc="9" el="45" ec="10" bec="0" bev="0" fileid="5" />
              </SequencePoints>
              <BranchPoints />
              <MethodPoint xsi:type="SequencePoint" vc="3" uspid="134" ordinal="0" offset="0" sl="43" sc="9" el="43" ec="10" bec="0" bev="0" fileid="5" />
            </Method>
            <Method visited="true" cyclomaticComplexity="1" nPathComplexity="0" sequenceCoverage="100" branchCoverage="100" crapScore="1" isConstructor="false" isStatic="false" isGetter="false" isSetter="false">
              <Summary numSequencePoints="3" visitedSequencePoints="3" numBranchPoints="1" visitedBranchPoints="1" sequenceCoverage="100" branchCoverage="100" maxCyclomaticComplexity="1" minCyclomaticComplexity="1" maxCrapScore="1" minCrapScore="1" visitedClasses="0" numClasses="0" visitedMethods="1" numMethods="1" />
              <MetadataToken>100663331</MetadataToken>
              <Name>System.Void PowerPoint.ModelMock::MovePointer(System.Double,System.Double)</Name>
              <FileRef uid="5" />
              <SequencePoints>
                <SequencePoint vc="1" uspid="137" ordinal="0" offset="0" sl="49" sc="9" el="49" ec="10" bec="0" bev="0" fileid="5" />
                <SequencePoint vc="1" uspid="138" ordinal="1" offset="1" sl="50" sc="13" el="50" ec="26" bec="0" bev="0" fileid="5" />
                <SequencePoint vc="1" uspid="139" ordinal="2" offset="15" sl="51" sc="9" el="51" ec="10" bec="0" bev="0" fileid="5" />
              </SequencePoints>
              <BranchPoints />
              <MethodPoint xsi:type="SequencePoint" vc="1" uspid="137" ordinal="0" offset="0" sl="49" sc="9" el="49" ec="10" bec="0" bev="0" fileid="5" />
            </Method>
            <Method visited="true" cyclomaticComplexity="1" nPathComplexity="0" sequenceCoverage="100" branchCoverage="100" crapScore="1" isConstructor="false" isStatic="false" isGetter="false" isSetter="false">
              <Summary numSequencePoints="3" visitedSequencePoints="3" numBranchPoints="1" visitedBranchPoints="1" sequenceCoverage="100" branchCoverage="100" maxCyclomaticComplexity="1" minCyclomaticComplexity="1" maxCrapScore="1" minCrapScore="1" visitedClasses="0" numClasses="0" visitedMethods="1" numMethods="1" />
              <MetadataToken>100663332</MetadataToken>
              <Name>System.Void PowerPoint.ModelMock::ReleasePointer()</Name>
              <FileRef uid="5" />
              <SequencePoints>
                <SequencePoint vc="1" uspid="140" ordinal="0" offset="0" sl="55" sc="9" el="55" ec="10" bec="0" bev="0" fileid="5" />
                <SequencePoint vc="1" uspid="141" ordinal="1" offset="1" sl="56" sc="13" el="56" ec="29" bec="0" bev="0" fileid="5" />
                <SequencePoint vc="1" uspid="142" ordinal="2" offset="15" sl="57" sc="9" el="57" ec="10" bec="0" bev="0" fileid="5" />
              </SequencePoints>
              <BranchPoints />
              <MethodPoint xsi:type="SequencePoint" vc="1" uspid="140" ordinal="0" offset="0" sl="55" sc="9" el="55" ec="10" bec="0" bev="0" fileid="5" />
            </Method>
            <Method visited="true" cyclomaticComplexity="1" nPathComplexity="0" sequenceCoverage="100" branchCoverage="100" crapScore="1" isConstructor="false" isStatic="false" isGetter="false" isSetter="false">
              <Summary numSequencePoints="3" visitedSequencePoints="3" numBranchPoints="1" visitedBranchPoints="1" sequenceCoverage="100" branchCoverage="100" maxCyclomaticComplexity="1" minCyclomaticComplexity="1" maxCrapScore="1" minCrapScore="1" visitedClasses="0" numClasses="0" visitedMethods="1" numMethods="1" />
              <MetadataToken>100663333</MetadataToken>
              <Name>System.Void PowerPoint.ModelMock::PressDelete()</Name>
              <FileRef uid="5" />
              <SequencePoints>
                <SequencePoint vc="1" uspid="143" ordinal="0" offset="0" sl="61" sc="9" el="61" ec="10" bec="0" bev="0" fileid="5" />
                <SequencePoint vc="1" uspid="144" ordinal="1" offset="1" sl="62" sc="13" el="62" ec="28" bec="0" bev="0" fileid="5" />
                <SequencePoint vc="1" uspid="145" ordinal="2" offset="15" sl="63" sc="9" el="63" ec="10" bec="0" bev="0" fileid="5" />
              </SequencePoints>
              <BranchPoints />
              <MethodPoint xsi:type="SequencePoint" vc="1" uspid="143" ordinal="0" offset="0" sl="61" sc="9" el="61" ec="10" bec="0" bev="0" fileid="5" />
            </Method>
            <Method visited="true" cyclomaticComplexity="1" nPathComplexity="0" sequenceCoverage="100" branchCoverage="100" crapScore="1" isConstructor="false" isStatic="false" isGetter="false" isSetter="false">
              <Summary numSequencePoints="3" visitedSequencePoints="3" numBranchPoints="1" visitedBranchPoints="1" sequenceCoverage="100" branchCoverage="100" maxCyclomaticComplexity="1" minCyclomaticComplexity="1" maxCrapScore="1" minCrapScore="1" visitedClasses="0" numClasses="0" visitedMethods="1" numMethods="1" />
              <MetadataToken>100663334</MetadataToken>
              <Name>System.Void PowerPoint.ModelMock::Undo()</Name>
              <FileRef uid="5" />
              <SequencePoints>
                <SequencePoint vc="1" uspid="146" ordinal="0" offset="0" sl="67" sc="9" el="67" ec="10" bec="0" bev="0" fileid="5" />
                <SequencePoint vc="1" uspid="147" ordinal="1" offset="1" sl="68" sc="13" el="68" ec="26" bec="0" bev="0" fileid="5" />
                <SequencePoint vc="1" uspid="148" ordinal="2" offset="15" sl="69" sc="9" el="69" ec="10" bec="0" bev="0" fileid="5" />
              </SequencePoints>
              <BranchPoints />
              <MethodPoint xsi:type="SequencePoint" vc="1" uspid="146" ordinal="0" offset="0" sl="67" sc="9" el="67" ec="10" bec="0" bev="0" fileid="5" />
            </Method>
            <Method visited="true" cyclomaticComplexity="1" nPathComplexity="0" sequenceCoverage="100" branchCoverage="100" crapScore="1" isConstructor="false" isStatic="false" isGetter="false" isSetter="false">
              <Summary numSequencePoints="3" visitedSequencePoints="3" numBranchPoints="1" visitedBranchPoints="1" sequenceCoverage="100" branchCoverage="100" maxCyclomaticComplexity="1" minCyclomaticComplexity="1" maxCrapScore="1" minCrapScore="1" visitedClasses="0" numClasses="0" visitedMethods="1" numMethods="1" />
              <MetadataToken>100663335</MetadataToken>
              <Name>System.Void PowerPoint.ModelMock::Redo()</Name>
              <FileRef uid="5" />
              <SequencePoints>
                <SequencePoint vc="1" uspid="149" ordinal="0" offset="0" sl="73" sc="9" el="73" ec="10" bec="0" bev="0" fileid="5" />
                <SequencePoint vc="1" uspid="150" ordinal="1" offset="1" sl="74" sc="13" el="74" ec="26" bec="0" bev="0" fileid="5" />
                <SequencePoint vc="1" uspid="151" ordinal="2" offset="15" sl="75" sc="9" el="75" ec="10" bec="0" bev="0" fileid="5" />
              </SequencePoints>
              <BranchPoints />
              <MethodPoint xsi:type="SequencePoint" vc="1" uspid="149" ordinal="0" offset="0" sl="73" sc="9" el="73" ec="10" bec="0" bev="0" fileid="5" />
            </Method>
            <Method visited="true" cyclomaticComplexity="1" nPathComplexity="0" sequenceCoverage="100" branchCoverage="100" crapScore="1" isConstructor="false" isStatic="false" isGetter="false" isSetter="false">
              <Summary numSequencePoints="3" visitedSequencePoints="3" numBranchPoints="1" visitedBranchPoints="1" sequenceCoverage="100" branchCoverage="100" maxCyclomaticComplexity="1" minCyclomaticComplexity="1" maxCrapScore="1" minCrapScore="1" visitedClasses="0" numClasses="0" visitedMethods="1" numMethods="1" />
              <MetadataToken>100663336</MetadataToken>
              <Name>System.Void PowerPoint.ModelMock::SetToolMode(System.String)</Name>
              <FileRef uid="5" />
              <SequencePoints>
                <SequencePoint vc="1" uspid="152" ordinal="0" offset="0" sl="79" sc="9" el="79" ec="10" bec="0" bev="0" fileid="5" />
                <SequencePoint vc="1" uspid="153" ordinal="1" offset="1" sl="80" sc="13" el="80" ec="29" bec="0" bev="0" fileid="5" />
                <SequencePoint vc="1" uspid="154" ordinal="2" offset="15" sl="81" sc="9" el="81" ec="10" bec="0" bev="0" fileid="5" />
              </SequencePoints>
              <BranchPoints />
              <MethodPoint xsi:type="SequencePoint" vc="1" uspid="152" ordinal="0" offset="0" sl="79" sc="9" el="79" ec="10" bec="0" bev="0" fileid="5" />
            </Method>
            <Method visited="true" cyclomaticComplexity="1" nPathComplexity="0" sequenceCoverage="100" branchCoverage="100" crapScore="1" isConstructor="false" isStatic="false" isGetter="false" isSetter="false">
              <Summary numSequencePoints="4" visitedSequencePoints="4" numBranchPoints="1" visitedBranchPoints="1" sequenceCoverage="100" branchCoverage="100" maxCyclomaticComplexity="1" minCyclomaticComplexity="1" maxCrapScore="1" minCrapScore="1" visitedClasses="0" numClasses="0" visitedMethods="1" numMethods="1" />
              <MetadataToken>100663337</MetadataToken>
              <Name>System.Boolean PowerPoint.ModelMock::IsInScaleArea(System.Double,System.Double,System.Double)</Name>
              <FileRef uid="5" />
              <SequencePoints>
                <SequencePoint vc="1" uspid="155" ordinal="0" offset="0" sl="85" sc="9" el="85" ec="10" bec="0" bev="0" fileid="5" />
                <SequencePoint vc="1" uspid="156" ordinal="1" offset="1" sl="86" sc="13" el="86" ec="33" bec="0" bev="0" fileid="5" />
                <SequencePoint vc="1" uspid="157" ordinal="2" offset="15" sl="87" sc="13" el="87" ec="25" bec="0" bev="0" fileid="5" />
                <SequencePoint vc="1" uspid="158" ordinal="3" offset="19" sl="88" sc="9" el="88" ec="10" bec="0" bev="0" fileid="5" />
              </SequencePoints>
              <BranchPoints />
              <MethodPoint xsi:type="SequencePoint" vc="1" uspid="155" ordinal="0" offset="0" sl="85" sc="9" el="85" ec="10" bec="0" bev="0" fileid="5" />
            </Method>
            <Method visited="true" cyclomaticComplexity="1" nPathComplexity="0" sequenceCoverage="100" branchCoverage="100" crapScore="1" isConstructor="true" isStatic="false" isGetter="false" isSetter="false">
              <Summary numSequencePoints="11" visitedSequencePoints="11" numBranchPoints="1" visitedBranchPoints="1" sequenceCoverage="100" branchCoverage="100" maxCyclomaticComplexity="1" minCyclomaticComplexity="1" maxCrapScore="1" minCrapScore="1" visitedClasses="0" numClasses="0" visitedMethods="1" numMethods="1" />
              <MetadataToken>100663349</MetadataToken>
              <Name>System.Void PowerPoint.ModelMock::.ctor()</Name>
              <FileRef uid="5" />
              <SequencePoints>
                <SequencePoint vc="12" uspid="159" ordinal="0" offset="0" sl="11" sc="9" el="11" ec="33" bec="0" bev="0" fileid="5" />
                <SequencePoint vc="12" uspid="160" ordinal="1" offset="7" sl="12" sc="9" el="12" ec="36" bec="0" bev="0" fileid="5" />
                <SequencePoint vc="12" uspid="161" ordinal="2" offset="14" sl="13" sc="9" el="13" ec="28" bec="0" bev="0" fileid="5" />
                <SequencePoint vc="12" uspid="162" ordinal="3" offset="21" sl="14" sc="9" el="14" ec="29" bec="0" bev="0" fileid="5" />
                <SequencePoint vc="12" uspid="163" ordinal="4" offset="28" sl="15" sc="9" el="15" ec="28" bec="0" bev="0" fileid="5" />
                <SequencePoint vc="12" uspid="164" ordinal="5" offset="35" sl="16" sc="9" el="16" ec="31" bec="0" bev="0" fileid="5" />
                <SequencePoint vc="12" uspid="165" ordinal="6" offset="42" sl="17" sc="9" el="17" ec="30" bec="0" bev="0" fileid="5" />
                <SequencePoint vc="12" uspid="166" ordinal="7" offset="49" sl="18" sc="9" el="18" ec="28" bec="0" bev="0" fileid="5" />
                <SequencePoint vc="12" uspid="167" ordinal="8" offset="56" sl="19" sc="9" el="19" ec="28" bec="0" bev="0" fileid="5" />
                <SequencePoint vc="12" uspid="168" ordinal="9" offset="63" sl="20" sc="9" el="20" ec="35" bec="0" bev="0" fileid="5" />
[...]
          <FullName>PowerPoint.Shapes</FullName>
          <Methods>
            <Method visited="true" cyclomaticComplexity="1" nPathComplexity="0" sequenceCoverage="100" branchCoverage="100" crapScore="1" isConstructor="false" isStatic="false" isGetter="true" isSetter="false">
              <Summary numSequencePoints="3" visitedSequencePoints="3" numBranchPoints="1" visitedBranchPoints="1" sequenceCoverage="100" branchCoverage="100" maxCyclomaticComplexity="1" minCyclomaticComplexity="1" maxCrapScore="1" minCrapScore="1" visitedClasses="0" numClasses="0" visitedMethods="1" numMethods="1" />
              <MetadataToken>100663489</MetadataToken>
              <Name>System.ComponentModel.BindingList`1&lt;PowerPoint.Shape&gt; PowerPoint.Shapes::get_GetShapeList()</Name>
              <FileRef uid="79" />
              <SequencePoints>
                <SequencePoint vc="2" uspid="2287" ordinal="0" offset="0" sl="17" sc="13" el="17" ec="14" bec="0" bev="0" fileid="79" />
                <SequencePoint vc="2" uspid="2288" ordinal="1" offset="1" sl="18" sc="17" el="18" ec="35" bec="0" bev="0" fileid="79" />
                <SequencePoint vc="2" uspid="2289" ordinal="2" offset="10" sl="19" sc="13" el="19" ec="14" bec="0" bev="0" fileid="79" />
              </SequencePoints>
              <BranchPoints />
              <MethodPoint xsi:type="SequencePoint" vc="2" uspid="2287" ordinal="0" offset="0" sl="17" sc="13" el="17" ec="14" bec="0" bev="0" fileid="79" />
            </Method>
            <Method visited="true" cyclomaticComplexity="1" nPathComplexity="0" sequenceCoverage="100" branchCoverage="100" crapScore="1" isConstructor="false" isStatic="false" isGetter="false" isSetter="false">
              <Summary numSequencePoints="5" visitedSequencePoints="5" numBranchPoints="1" visitedBranchPoints="1" sequenceCoverage="100" branchCoverage="100" maxCyclomaticComplexity="1" minCyclomaticComplexity="1" maxCrapScore="1" minCrapScore="1" visitedClasses="0" numClasses="0" visitedMethods="1" numMethods="1" />
              <MetadataToken>100663490</MetadataToken>
              <Name>PowerPoint.Shape PowerPoint.Shapes::AddNewShape(System.String)</Name>
              <FileRef uid="79" />
              <SequencePoints>
                <SequencePoint vc="9" uspid="2290" ordinal="0" offset="0" sl="24" sc="9" el="24" ec="10" bec="0" bev="0" fileid="79" />
                <SequencePoint vc="9" uspid="2291" ordinal="1" offset="1" sl="25" sc="13" el="25" ec="61" bec="0" bev="0" fileid="79" />
                <SequencePoint vc="9" uspid="2292" ordinal="2" offset="8" sl="26" sc="13" el="26" ec="38" bec="0" bev="0" fileid="79" />
                <SequencePoint vc="9" uspid="2293" ordinal="3" offset="21" sl="27" sc="13" el="27" ec="29" bec="0" bev="0" fileid="79" />
                <SequencePoint vc="9" uspid="2294" ordinal="4" offset="25" sl="28" sc="9" el="28" ec="10" bec="0" bev="0" fileid="79" />
              </SequencePoints>
              <BranchPoints />
              <MethodPoint xsi:type="SequencePoint" vc="9" uspid="2290" ordinal="0" offset="0" sl="24" sc="9" el="24" ec="10" bec="0" bev="0" fileid="79" />
            </Method>
            <Method visited="true" cyclomaticComplexity="2" nPathComplexity="2" sequenceCoverage="100" branchCoverage="100" crapScore="2" isConstructor="false" isStatic="false" isGetter="false" isSetter="false">
              <Summary numSequencePoints="5" visitedSequencePoints="5" numBranchPoints="3" visitedBranchPoints="3" sequenceCoverage="100" branchCoverage="100" maxCyclomaticComplexity="2" minCyclomaticComplexity="2" maxCrapScore="2" minCrapScore="2" visitedClasses="0" numClasses="0" visitedMethods="1" numMethods="1" />
              <MetadataToken>100663491</MetadataToken>
              <Name>System.Void PowerPoint.Shapes::AddShape(PowerPoint.Shape)</Name>
              <FileRef uid="79" />
              <SequencePoints>
                <SequencePoint vc="40" uspid="2295" ordinal="0" offset="0" sl="32" sc="9" el="32" ec="10" bec="0" bev="0" fileid="79" />
                <SequencePoint vc="40" uspid="2296" ordinal="1" offset="1" sl="33" sc="13" el="33" ec="31" bec="2" bev="2" fileid="79" />
                <SequencePoint vc="1" uspid="2297" ordinal="2" offset="9" sl="34" sc="17" el="34" ec="24" bec="0" bev="0" fileid="79" />
                <SequencePoint vc="39" uspid="2298" ordinal="3" offset="11" sl="36" sc="13" el="36" ec="35" bec="0" bev="0" fileid="79" />
                <SequencePoint vc="40" uspid="2299" ordinal="4" offset="24" sl="37" sc="9" el="37" ec="10" bec="0" bev="0" fileid="79" />
              </SequencePoints>
              <BranchPoints>
                <BranchPoint vc="1" uspid="2300" ordinal="0" offset="7" sl="33" path="0" offsetchain="9" offsetend="24" fileid="79" />
                <BranchPoint vc="39" uspid="2301" ordinal="1" offset="7" sl="33" path="1" offsetend="11" fileid="79" />
              </BranchPoints>
              <MethodPoint xsi:type="SequencePoint" vc="40" uspid="2295" ordinal="0" offset="0" sl="32" sc="9" el="32" ec="10" bec="0" bev="0" fileid="79" />
            </Method>
            <Method visited="true" cyclomaticComplexity="2" nPathComplexity="2" sequenceCoverage="100" branchCoverage="100" crapScore="2" isConstructor="false" isStatic="false" isGetter="false" isSetter="false">
              <Summary numSequencePoints="6" visitedSequencePoints="6" numBranchPoints="3" visitedBranchPoints="3" sequenceCoverage="100" branchCoverage="100" maxCyclomaticComplexity="2" minCyclomaticComplexity="2" maxCrapScore="2" minCrapScore="2" visitedClasses="0" numClasses="0" visitedMethods="1" numMethods="1" />
              <MetadataToken>100663492</MetadataToken>
              <Name>System.Void PowerPoint.Shapes::DeleteShape(System.Int32)</Name>
              <FileRef uid="79" />
              <SequencePoints>
                <SequencePoint vc="3" uspid="2302" ordinal="0" offset="0" sl="41" sc="9" el="41" ec="10" bec="0" bev="0" fileid="79" />
                <SequencePoint vc="3" uspid="2303" ordinal="1" offset="1" sl="42" sc="13" el="42" ec="39" bec="2" bev="2" fileid="79" />
                <SequencePoint vc="2" uspid="2304" ordinal="2" offset="19" sl="43" sc="13" el="43" ec="14" bec="0" bev="0" fileid="79" />
                <SequencePoint vc="2" uspid="2305" ordinal="3" offset="20" sl="44" sc="17" el="44" ec="47" bec="0" bev="0" fileid="79" />
                <SequencePoint vc="2" uspid="2306" ordinal="4" offset="33" sl="45" sc="13" el="45" ec="14" bec="0" bev="0" fileid="79" />
                <SequencePoint vc="3" uspid="2307" ordinal="5" offset="34" sl="46" sc="9" el="46" ec="10" bec="0" bev="0" fileid="79" />
              </SequencePoints>
              <BranchPoints>
                <BranchPoint vc="2" uspid="2308" ordinal="0" offset="17" sl="42" path="0" offsetend="19" fileid="79" />
                <BranchPoint vc="1" uspid="2309" ordinal="1" offset="17" sl="42" path="1" offsetend="34" fileid="79" />
              </BranchPoints>
              <MethodPoint xsi:type="SequencePoint" vc="3" uspid="2302" ordinal="0" offset="0" sl="41" sc="9" el="41" ec="10" bec="0" bev="0" fileid="79" />
            </Method>
            <Method visited="true" cyclomaticComplexity="3" nPathComplexity="4" sequenceCoverage="100" branchCoverage="100" crapScore="3" isConstructor="false" isStatic="false" isGetter="false" isSetter="false">
              <Summary numSequencePoints="11" visitedSequencePoints="11" numBranchPoints="5" visitedBranchPoints="5" sequenceCoverage="100" branchCoverage="100" maxCyclomaticComplexity="3" minCyclomaticComplexity="3" maxCrapScore="3" minCrapScore="3" visitedClasses="0" numClasses="0" visitedMethods="1" numMethods="1" />
              <MetadataToken>100663493</MetadataToken>
              <Name>System.Void PowerPoint.Shapes::DeleteShape(PowerPoint.Shape)</Name>
              <FileRef uid="79" />
              <SequencePoints>
                <SequencePoint vc="11" uspid="2310" ordinal="0" offset="0" sl="50" sc="9" el="50" ec="10" bec="0" bev="0" fileid="79" />
                <SequencePoint vc="11" uspid="2311" ordinal="1" offset="1" sl="51" sc="18" el="51" ec="27" bec="0" bev="0" fileid="79" />
                <SequencePoint vc="11" uspid="2312" ordinal="2" offset="5" sl="52" sc="13" el="52" ec="14" bec="0" bev="0" fileid="79" />
                <SequencePoint vc="11" uspid="2313" ordinal="3" offset="6" sl="53" sc="17" el="53" ec="44" bec="2" bev="2" fileid="79" />
                <SequencePoint vc="10" uspid="2314" ordinal="4" offset="25" sl="54" sc="17" el="54" ec="18" bec="0" bev="0" fileid="79" />
                <SequencePoint vc="10" uspid="2315" ordinal="5" offset="26" sl="55" sc="21" el="55" ec="44" bec="0" bev="0" fileid="79" />
                <SequencePoint vc="10" uspid="2316" ordinal="6" offset="39" sl="56" sc="17" el="56" ec="18" bec="0" bev="0" fileid="79" />
                <SequencePoint vc="11" uspid="2317" ordinal="7" offset="40" sl="57" sc="13" el="57" ec="14" bec="0" bev="0" fileid="79" />
                <SequencePoint vc="11" uspid="2318" ordinal="8" offset="41" sl="51" sc="51" el="51" ec="54" bec="0" bev="0" fileid="79" />
                <SequencePoint vc="22" uspid="2319" ordinal="9" offset="45" sl="51" sc="29" el="51" ec="49" bec="2" bev="2" fileid="79" />
                <SequencePoint vc="11" uspid="2320" ordinal="10" offset="63" sl="58" sc="9" el="58" ec="10" bec="0" bev="0" fileid="79" />
              </SequencePoints>
              <BranchPoints>
                <BranchPoint vc="10" uspid="2321" ordinal="0" offset="23" sl="53" path="0" offsetend="25" fileid="79" />
                <BranchPoint vc="1" uspid="2322" ordinal="1" offset="23" sl="53" path="1" offsetend="40" fileid="79" />
                <BranchPoint vc="11" uspid="2323" ordinal="2" offset="61" sl="51" path="0" offsetend="63" fileid="79" />
                <BranchPoint vc="11" uspid="2324" ordinal="3" offset="61" sl="51" path="1" offsetend="5" fileid="79" />
              </BranchPoints>
              <MethodPoint xsi:type="SequencePoint" vc="11" uspid="2310" ordinal="0" offset="0" sl="50" sc="9" el="50" ec="10" bec="0" bev="0" fileid="79" />
            </Method>
            <Method visited="true" cyclomaticComplexity="3" nPathComplexity="4" sequenceCoverage="100" branchCoverage="100" crapScore="3" isConstructor="false" isStatic="false" isGetter="false" isSetter="false">
              <Summary numSequencePoints="12" visitedSequencePoints="12" numBranchPoints="5" visitedBranchPoints="5" sequenceCoverage="100" branchCoverage="100" maxCyclomaticComplexity="3" minCyclomaticComplexity="3" maxCrapScore="3" minCrapScore="3" visitedClasses="0" numClasses="0" visitedMethods="1" numMethods="1" />
              <MetadataToken>100663494</MetadataToken>
              <Name>PowerPoint.Shape PowerPoint.Shapes::FindShape(System.Double,System.Double)</Name>
              <FileRef uid="79" />
              <SequencePoints>
                <SequencePoint vc="11" uspid="2325" ordinal="0" offset="0" sl="62" sc="9" el="62" ec="10" bec="0" bev="0" fileid="79" />
                <SequencePoint vc="11" uspid="2326" ordinal="1" offset="1" sl="63" sc="18" el="63" ec="46" bec="0" bev="0" fileid="79" />
                <SequencePoint vc="8" uspid="2327" ordinal="2" offset="17" sl="64" sc="13" el="64" ec="14" bec="0" bev="0" fileid="79" />
                <SequencePoint vc="8" uspid="2328" ordinal="3" offset="18" sl="65" sc="17" el="65" ec="45" bec="0" bev="0" fileid="79" />
                <SequencePoint vc="8" uspid="2329" ordinal="4" offset="31" sl="66" sc="17" el="66" ec="66" bec="2" bev="2" fileid="79" />
                <SequencePoint vc="5" uspid="2330" ordinal="5" offset="48" sl="67" sc="17" el="67" ec="18" bec="0" bev="0" fileid="79" />
                <SequencePoint vc="5" uspid="2331" ordinal="6" offset="49" sl="68" sc="21" el="68" ec="34" bec="0" bev="0" fileid="79" />
                <SequencePoint vc="3" uspid="2332" ordinal="7" offset="53" sl="70" sc="13" el="70" ec="14" bec="0" bev="0" fileid="79" />
                <SequencePoint vc="3" uspid="2333" ordinal="8" offset="54" sl="63" sc="56" el="63" ec="60" bec="0" bev="0" fileid="79" />
                <SequencePoint vc="14" uspid="2334" ordinal="9" offset="58" sl="63" sc="48" el="63" ec="54" bec="2" bev="2" fileid="79" />
                <SequencePoint vc="6" uspid="2335" ordinal="10" offset="71" sl="71" sc="13" el="71" ec="25" bec="0" bev="0" fileid="79" />
                <SequencePoint vc="11" uspid="2336" ordinal="11" offset="75" sl="72" sc="9" el="72" ec="10" bec="0" bev="0" fileid="79" />
              </SequencePoints>
              <BranchPoints>
                <BranchPoint vc="5" uspid="2337" ordinal="0" offset="46" sl="66" path="0" offsetend="48" fileid="79" />
                <BranchPoint vc="3" uspid="2338" ordinal="1" offset="46" sl="66" path="1" offsetend="53" fileid="79" />
                <BranchPoint vc="6" uspid="2339" ordinal="2" offset="69" sl="63" path="0" offsetend="71" fileid="79" />
                <BranchPoint vc="8" uspid="2340" ordinal="3" offset="69" sl="63" path="1" offsetend="17" fileid="79" />
              </BranchPoints>
              <MethodPoint xsi:type="SequencePoint" vc="11" uspid="2325" ordinal="0" offset="0" sl="62" sc="9" el="62" ec="10" bec="0" bev="0" fileid="79" />
            </Method>
            <Method visited="true" cyclomaticComplexity="2" nPathComplexity="2" sequenceCoverage="100" branchCoverage="100" crapScore="2" isConstructor="false" isStatic="false" isGetter="false" isSetter="false">
              <Summary numSequencePoints="6" visitedSequencePoints="6" numBranchPoints="3" visitedBranchPoints="3" sequenceCoverage="100" branchCoverage="100" maxCyclomaticComplexity="2" minCyclomaticComplexity="2" maxCrapScore="2" minCrapScore="2" visitedClasses="0" numClasses="0" visitedMethods="1" numMethods="1" />
              <MetadataToken>100663495</MetadataToken>
              <Name>PowerPoint.Shape PowerPoint.Shapes::FindShape(System.Int32)</Name>
              <FileRef uid="79" />
              <SequencePoints>
                <SequencePoint vc="4" uspid="2341" ordinal="0" offset="0" sl="76" sc="9" el="76" ec="10" bec="0" bev="0" fileid="79" />
                <SequencePoint vc="4" uspid="2342" ordinal="1" offset="1" sl="77" sc="13" el="77" ec="39" bec="2" bev="2" fileid="79" />
                <SequencePoint vc="3" uspid="2343" ordinal="2" offset="19" sl="78" sc="13" el="78" ec="14" bec="0" bev="0" fileid="79" />
                <SequencePoint vc="3" uspid="2344" ordinal="3" offset="20" sl="79" sc="17" el="79" ec="45" bec="0" bev="0" fileid="79" />
                <SequencePoint vc="1" uspid="2345" ordinal="4" offset="35" sl="81" sc="13" el="81" ec="25" bec="0" bev="0" fileid="79" />
                <SequencePoint vc="4" uspid="2346" ordinal="5" offset="39" sl="82" sc="9" el="82" ec="10" bec="0" bev="0" fileid="79" />
              </SequencePoints>
              <BranchPoints>
                <BranchPoint vc="3" uspid="2347" ordinal="0" offset="17" sl="77" path="0" offsetend="19" fileid="79" />
                <BranchPoint vc="1" uspid="2348" ordinal="1" offset="17" sl="77" path="1" offsetend="35" fileid="79" />
              </BranchPoints>
              <MethodPoint xsi:type="SequencePoint" vc="4" uspid="2341" ordinal="0" offset="0" sl="76" sc="9" el="76" ec="10" bec="0" bev="0" fileid="79" />
            </Method>
            <Method visited="true" cyclomaticComplexity="3" nPathComplexity="0" sequenceCoverage="100" branchCoverage="100" crapScore="3" isConstructor="false" isStatic="false" isGetter="false" isSetter="false">
              <Summary numSequencePoints="7" visitedSequencePoints="7" numBranchPoints="1" visitedBranchPoints="1" sequenceCoverage="100" branchCoverage="100" maxCyclomaticComplexity="3" minCyclomaticComplexity="3" maxCrapScore="3" minCrapScore="3" visitedClasses="0" numClasses="0" visitedMethods="1" numMethods="1" />
              <MetadataToken>100663496</MetadataToken>
              <Name>System.Void PowerPoint.Shapes::Draw(PowerPoint.IGraphics)</Name>
              <FileRef uid="79" />
              <SequencePoints>
                <SequencePoint vc="3" uspid="2349" ordinal="0" offset="0" sl="86" sc="9" el="86" ec="10" bec="0" bev="0" fileid="79" />
                <SequencePoint vc="3" uspid="2350" ordinal="1" offset="1" sl="87" sc="13" el="87" ec="20" bec="0" bev="0" fileid="79" />
                <SequencePoint vc="3" uspid="2351" ordinal="2" offset="2" sl="87" sc="37" el="87" ec="47" bec="0" bev="0" fileid="79" />
                <SequencePoint vc="6" uspid="2352" ordinal="3" offset="16" sl="87" sc="22" el="87" ec="33" bec="0" bev="0" fileid="79" />
                <SequencePoint vc="6" uspid="2353" ordinal="4" offset="23" sl="88" sc="17" el="88" ec="38" bec="0" bev="0" fileid="79" />
                <SequencePoint vc="9" uspid="2354" ordinal="5" offset="31" sl="87" sc="34" el="87" ec="36" bec="0" bev="0" fileid="79" />
                <SequencePoint vc="3" uspid="2355" ordinal="6" offset="52" sl="89" sc="9" el="89" ec="10" bec="0" bev="0" fileid="79" />
              </SequencePoints>
              <BranchPoints />
              <MethodPoint xsi:type="SequencePoint" vc="3" uspid="2349" ordinal="0" offset="0" sl="86" sc="9" el="86" ec="10" bec="0" bev="0" fileid="79" />
            </Method>
            <Method visited="true" cyclomaticComplexity="1" nPathComplexity="0" sequenceCoverage="100" branchCoverage="100" crapScore="1" isConstructor="false" isStatic="false" isGetter="false" isSetter="false">
              <Summary numSequencePoints="3" visitedSequencePoints="3" numBranchPoints="1" visitedBranchPoints="1" sequenceCoverage="100" branchCoverage="100" maxCyclomaticComplexity="1" minCyclomaticComplexity="1" maxCrapScore="1" minCrapScore="1" visitedClasses="0" numClasses="0" visitedMethods="1" numMethods="1" />
              <MetadataToken>100663497</MetadataToken>
              <Name>System.Int32 PowerPoint.Shapes::GetCount()</Name>
              <FileRef uid="79" />
              <SequencePoints>
                <SequencePoint vc="19" uspid="2358" ordinal="0" offset="0" sl="93" sc="9" el="93" ec="10" bec="0" bev="0" fileid="79" />
                <SequencePoint vc="19" uspid="2359" ordinal="1" offset="1" sl="94" sc="13" el="94" ec="37" bec="0" bev="0" fileid="79" />
                <SequencePoint vc="19" uspid="2360" ordinal="2" offset="15" sl="95" sc="9" el="95" ec="10" bec="0" bev="0" fileid="79" />
              </SequencePoints>
              <BranchPoints />
              <MethodPoint xsi:type="SequencePoint" vc="19" uspid="2358" ordinal="0" offset="0" sl="93" sc="9" el="93" ec="10" bec="0" bev="0" fileid="79" />
            </Method>
            <Method visited="true" cyclomaticComplexity="1" nPathComplexity="0" sequenceCoverage="100" branchCoverage="100" crapScore="1" isConstructor="true" isStatic="false" isGetter="false" isSetter="false">
              <Summary numSequencePoints="1" visitedSequencePoints="1" numBranchPoints="1" visitedBranchPoints="1" sequenceCoverage="100" branchCoverage="100" maxCyclomaticComplexity="1" minCyclomaticComplexity="1" maxCrapScore="1" minCrapScore="1" visitedClasses="0" numClasses="0" visitedMethods="1" numMethods="1" />
              <MetadataToken>100663498</MetadataToken>
              <Name>System.Void PowerPoint.Shapes::.ctor()</Name>
              <FileRef uid="79" />
              <SequencePoints>
                <SequencePoint vc="118" uspid="2361" ordinal="0" offset="0" sl="12" sc="9" el="12" ec="74" bec="0" bev="0" fileid="79" />
              </SequencePoints>
              <BranchPoints />
              <MethodPoint xsi:type="SequencePoint" vc="118" uspid="2361" ordinal="0" offset="0" sl="12" sc="9" el="12" ec="74" bec="0" bev="0" fileid="79" />
            </Method>
          </Methods>
        </Class>
      </Classes>
    </Module>
  </Modules>
</CoverageSession>